29-08-2024 14:17:28.464 [34mINFO [0;39m com.saswat.autopay.SaswatAutopayApplication.logStarting::55 - Starting SaswatAutopayApplication using Java 17.0.10 on DESKTOP-RC1KRCA with PID 21808 (C:\saswat-projects\saswat-autopay\bin\main started by VereeshHereemata in C:\saswat-projects\saswat-autopay)
29-08-2024 14:17:28.467 [34mINFO [0;39m com.saswat.autopay.SaswatAutopayApplication.logStartupProfileInfo::634 - No active profile set, falling back to 1 default profile: "default"
29-08-2024 14:17:29.124 [34mINFO [0;39m org.springframework.data.repository.config.RepositoryConfigurationDelegate.registerRepositoriesIn::132 - Bootstrapping Spring Data JPA repositories in DEFAULT mode.
29-08-2024 14:17:29.155 [34mINFO [0;39m org.springframework.data.repository.config.RepositoryConfigurationDelegate.registerRepositoriesIn::201 - Finished Spring Data repository scanning in 13 ms. Found 0 JPA repository interfaces.
29-08-2024 14:17:30.278 [34mINFO [0;39m org.springframework.boot.web.embedded.tomcat.TomcatWebServer.initialize::108 - Tomcat initialized with port(s): 8085 (https)
29-08-2024 14:17:30.289 [34mINFO [0;39m org.apache.catalina.core.StandardService.log::173 - Starting service [Tomcat]
29-08-2024 14:17:30.289 [34mINFO [0;39m org.apache.catalina.core.StandardEngine.log::173 - Starting Servlet engine: [Apache Tomcat/9.0.65]
29-08-2024 14:17:30.417 [34mINFO [0;39m org.apache.catalina.core.ContainerBase.[Tomcat].[localhost].[/autopay/api].log::173 - Initializing Spring embedded WebApplicationContext
29-08-2024 14:17:30.418 [34mINFO [0;39m org.springframework.boot.web.servlet.context.ServletWebServerApplicationContext.prepareWebApplicationContext::292 - Root WebApplicationContext: initialization completed in 1884 ms
29-08-2024 14:17:30.573 [34mINFO [0;39m com.zaxxer.hikari.HikariDataSource.<init>::80 - HikariPool-1 - Starting...
29-08-2024 14:17:30.826 [34mINFO [0;39m com.zaxxer.hikari.HikariDataSource.<init>::82 - HikariPool-1 - Start completed.
29-08-2024 14:17:30.939 [34mINFO [0;39m org.hibernate.jpa.internal.util.LogHelper.logPersistenceUnitInformation::31 - HHH000204: Processing PersistenceUnitInfo [name: casTxnPU]
29-08-2024 14:17:31.012 [34mINFO [0;39m org.hibernate.Version.logVersion::44 - HHH000412: Hibernate ORM core version 5.6.10.Final
29-08-2024 14:17:31.238 [34mINFO [0;39m org.hibernate.annotations.common.Version.<clinit>::56 - HCANN000001: Hibernate Commons Annotations {5.1.2.Final}
29-08-2024 14:17:31.409 [34mINFO [0;39m org.hibernate.dialect.Dialect.<init>::175 - HHH000400: Using dialect: org.hibernate.dialect.PostgreSQLDialect
29-08-2024 14:17:31.596 [34mINFO [0;39m org.hibernate.orm.connections.access.getIsolatedConnection::48 - HHH10001501: Connection obtained from JdbcConnectionAccess [org.hibernate.engine.jdbc.env.internal.JdbcEnvironmentInitiator$ConnectionProviderJdbcConnectionAccess@45bd4753] for (non-JTA) DDL execution was not in auto-commit mode; the Connection 'local transaction' will be committed and the Connection will be set into auto-commit mode.
29-08-2024 14:17:31.639 [34mINFO [0;39m org.hibernate.engine.transaction.jta.platform.internal.JtaPlatformInitiator.initiateService::52 - HHH000490: Using JtaPlatform implementation: [org.hibernate.engine.transaction.jta.platform.internal.NoJtaPlatform]
29-08-2024 14:17:31.646 [34mINFO [0;39m org.springframework.orm.jpa.LocalContainerEntityManagerFactoryBean.buildNativeEntityManagerFactory::437 - Initialized JPA EntityManagerFactory for persistence unit 'casTxnPU'
29-08-2024 14:17:31.975 [31mWARN [0;39m org.springframework.boot.autoconfigure.orm.jpa.JpaBaseConfiguration$JpaWebConfiguration.openEntityManagerInViewInterceptor::219 - spring.jpa.open-in-view is enabled by default. Therefore, database queries may be performed during view rendering. Explicitly configure spring.jpa.open-in-view to disable this warning
29-08-2024 14:17:33.289 [34mINFO [0;39m org.springframework.boot.web.embedded.tomcat.TomcatWebServer.start::220 - Tomcat started on port(s): 8085 (https) with context path '/autopay/api'
29-08-2024 14:17:33.299 [34mINFO [0;39m com.saswat.autopay.serviceImpl.ApplicationStartupListener.onApplicationEvent::18 - Application has started at 2024-08-29T14:17:33.299415200
29-08-2024 14:17:33.307 [34mINFO [0;39m com.saswat.autopay.SaswatAutopayApplication.logStarted::61 - Started SaswatAutopayApplication in 5.326 seconds (JVM running for 5.748)
29-08-2024 14:17:41.898 [34mINFO [0;39m org.apache.catalina.core.ContainerBase.[Tomcat].[localhost].[/autopay/api].log::173 - Initializing Spring DispatcherServlet 'dispatcherServlet'
29-08-2024 14:17:42.020 [34mINFO [0;39m com.saswat.autopay.serviceImpl.EasebuzzAutopayRegisterServiceImpl.registerAutopay::63 - Uniquely generated txnid gsLDDdj4rJqAUnw0S6qZ7hvFIiluUiSV
29-08-2024 14:17:42.054 [34mINFO [0;39m com.saswat.autopay.serviceImpl.EasebuzzAutopayRegisterServiceImpl.registerAutopay::77 - Generated Hash: 12c2732f7fc4f8c986a69d554cf2b1a6a6161da29656f9aaa2dda2b7a48b71ed8ed89526f6694326197e84d902fe1024292b6bb61aecc949755e44237ffdb589
29-08-2024 14:17:42.083 [34mINFO [0;39m com.saswat.autopay.serviceImpl.EasebuzzAutopayRegisterServiceImpl.registerAutopay::103 - Request for Autopay Register : {}com.saswat.autopay.Utils.InitiateAutopayRequestDto@5d423c8a
29-08-2024 14:17:42.092 [34mINFO [0;39m com.saswat.autopay.serviceImpl.EasebuzzAutopayRegisterServiceImpl.registerAutopay::116 - Request Url https://testpay.easebuzz.in/payment/initiateLink
29-08-2024 14:17:42.092 [34mINFO [0;39m com.saswat.autopay.serviceImpl.EasebuzzAutopayRegisterServiceImpl.registerAutopay::117 - Request Body key=5OEKXZESM&txnid=gsLDDdj4rJqAUnw0S6qZ7hvFIiluUiSV&amount=1.0&productinfo=loan&firstname=vereesh&phone=09880418761&email=hm@gmail.com&surl=https://localhost:8085/autopay/api/status/v1/success-redirect&furl=https://localhost:8085/autopay/api/status/v1/failure-redirect &hash=12c2732f7fc4f8c986a69d554cf2b1a6a6161da29656f9aaa2dda2b7a48b71ed8ed89526f6694326197e84d902fe1024292b6bb61aecc949755e44237ffdb589&udf1=&udf2=&udf3=&udf4=&udf5=1000&udf6=&udf7=&udf8=null&udf9=null&udf10=null&address1=&address2=&city=&state=&country=India&zipcode=&customer_authentication_id=apay_gsLDDdj4rJqAUnw0S6qZ7hvFIiluUiSV&showpaymentmode=UPIAD&submerchantid=S1428914X1H&requestflow=SEAMLESS&finalcollectiondate=31/12/2024
29-08-2024 14:17:42.419 [34mINFO [0;39m com.saswat.autopay.serviceImpl.EasebuzzAutopayRegisterServiceImpl.registerAutopay::125 - Response Code 200
29-08-2024 14:17:42.422 [34mINFO [0;39m com.saswat.autopay.serviceImpl.EasebuzzAutopayRegisterServiceImpl.registerAutopay::137 - Response Body {"status": 0, "error_desc": "Auto debit option is not enabled.", "data": "Parameter validation failed"}
29-08-2024 14:37:43.104 [34mINFO [0;39m com.saswat.autopay.SaswatAutopayApplication.logStarting::55 - Starting SaswatAutopayApplication using Java 17.0.10 on DESKTOP-RC1KRCA with PID 9160 (C:\saswat-projects\saswat-autopay\bin\main started by VereeshHereemata in C:\saswat-projects\saswat-autopay)
29-08-2024 14:37:43.108 [34mINFO [0;39m com.saswat.autopay.SaswatAutopayApplication.logStartupProfileInfo::634 - No active profile set, falling back to 1 default profile: "default"
29-08-2024 14:37:43.766 [34mINFO [0;39m org.springframework.data.repository.config.RepositoryConfigurationDelegate.registerRepositoriesIn::132 - Bootstrapping Spring Data JPA repositories in DEFAULT mode.
29-08-2024 14:37:43.785 [34mINFO [0;39m org.springframework.data.repository.config.RepositoryConfigurationDelegate.registerRepositoriesIn::201 - Finished Spring Data repository scanning in 7 ms. Found 0 JPA repository interfaces.
29-08-2024 14:37:44.836 [34mINFO [0;39m org.springframework.boot.web.embedded.tomcat.TomcatWebServer.initialize::108 - Tomcat initialized with port(s): 8085 (https)
29-08-2024 14:37:44.852 [34mINFO [0;39m org.apache.catalina.core.StandardService.log::173 - Starting service [Tomcat]
29-08-2024 14:37:44.853 [34mINFO [0;39m org.apache.catalina.core.StandardEngine.log::173 - Starting Servlet engine: [Apache Tomcat/9.0.65]
29-08-2024 14:37:45.004 [34mINFO [0;39m org.apache.catalina.core.ContainerBase.[Tomcat].[localhost].[/autopay/api].log::173 - Initializing Spring embedded WebApplicationContext
29-08-2024 14:37:45.004 [34mINFO [0;39m org.springframework.boot.web.servlet.context.ServletWebServerApplicationContext.prepareWebApplicationContext::292 - Root WebApplicationContext: initialization completed in 1828 ms
29-08-2024 14:37:45.156 [34mINFO [0;39m com.zaxxer.hikari.HikariDataSource.<init>::80 - HikariPool-1 - Starting...
29-08-2024 14:37:45.341 [34mINFO [0;39m com.zaxxer.hikari.HikariDataSource.<init>::82 - HikariPool-1 - Start completed.
29-08-2024 14:37:45.459 [34mINFO [0;39m org.hibernate.jpa.internal.util.LogHelper.logPersistenceUnitInformation::31 - HHH000204: Processing PersistenceUnitInfo [name: casTxnPU]
29-08-2024 14:37:45.558 [34mINFO [0;39m org.hibernate.Version.logVersion::44 - HHH000412: Hibernate ORM core version 5.6.10.Final
29-08-2024 14:37:45.769 [34mINFO [0;39m org.hibernate.annotations.common.Version.<clinit>::56 - HCANN000001: Hibernate Commons Annotations {5.1.2.Final}
29-08-2024 14:37:45.938 [34mINFO [0;39m org.hibernate.dialect.Dialect.<init>::175 - HHH000400: Using dialect: org.hibernate.dialect.PostgreSQLDialect
29-08-2024 14:37:46.193 [34mINFO [0;39m org.hibernate.orm.connections.access.getIsolatedConnection::48 - HHH10001501: Connection obtained from JdbcConnectionAccess [org.hibernate.engine.jdbc.env.internal.JdbcEnvironmentInitiator$ConnectionProviderJdbcConnectionAccess@39a7eca5] for (non-JTA) DDL execution was not in auto-commit mode; the Connection 'local transaction' will be committed and the Connection will be set into auto-commit mode.
29-08-2024 14:37:46.239 [34mINFO [0;39m org.hibernate.engine.transaction.jta.platform.internal.JtaPlatformInitiator.initiateService::52 - HHH000490: Using JtaPlatform implementation: [org.hibernate.engine.transaction.jta.platform.internal.NoJtaPlatform]
29-08-2024 14:37:46.245 [34mINFO [0;39m org.springframework.orm.jpa.LocalContainerEntityManagerFactoryBean.buildNativeEntityManagerFactory::437 - Initialized JPA EntityManagerFactory for persistence unit 'casTxnPU'
29-08-2024 14:37:46.555 [31mWARN [0;39m org.springframework.boot.autoconfigure.orm.jpa.JpaBaseConfiguration$JpaWebConfiguration.openEntityManagerInViewInterceptor::219 - spring.jpa.open-in-view is enabled by default. Therefore, database queries may be performed during view rendering. Explicitly configure spring.jpa.open-in-view to disable this warning
29-08-2024 14:37:47.820 [34mINFO [0;39m org.springframework.boot.web.embedded.tomcat.TomcatWebServer.start::220 - Tomcat started on port(s): 8085 (https) with context path '/autopay/api'
29-08-2024 14:37:47.829 [34mINFO [0;39m com.saswat.autopay.serviceImpl.ApplicationStartupListener.onApplicationEvent::18 - Application has started at 2024-08-29T14:37:47.829763600
29-08-2024 14:37:47.836 [34mINFO [0;39m com.saswat.autopay.SaswatAutopayApplication.logStarted::61 - Started SaswatAutopayApplication in 5.149 seconds (JVM running for 5.52)
29-08-2024 14:37:58.068 [34mINFO [0;39m org.apache.catalina.core.ContainerBase.[Tomcat].[localhost].[/autopay/api].log::173 - Initializing Spring DispatcherServlet 'dispatcherServlet'
29-08-2024 14:37:58.465 [34mINFO [0;39m com.saswat.autopay.serviceImpl.EasebuzzAutopayRegisterServiceImpl.registerAutopay::63 - Uniquely generated txnid kpm8t8t66LdRbPACMRNsXYVfyhMHYeKo
29-08-2024 14:37:58.693 [34mINFO [0;39m com.saswat.autopay.serviceImpl.EasebuzzAutopayRegisterServiceImpl.registerAutopay::77 - Generated Hash: e2f29bdf6a380060489d1973ce1c282ef494d8fadfc28c5df8eb3bc020b83710cee5def50a7e01cb9c4dd4dcd3833f50bb8487f55afe169b2796985426f2362e
29-08-2024 14:37:59.132 [34mINFO [0;39m com.saswat.autopay.serviceImpl.EasebuzzAutopayRegisterServiceImpl.registerAutopay::103 - Request for Autopay Register : {}com.saswat.autopay.Utils.InitiateAutopayRequestDto@522fdc05
29-08-2024 14:37:59.533 [34mINFO [0;39m com.saswat.autopay.serviceImpl.EasebuzzAutopayRegisterServiceImpl.registerAutopay::116 - Request Url https://testpay.easebuzz.in/payment/initiateLink
29-08-2024 14:37:59.534 [34mINFO [0;39m com.saswat.autopay.serviceImpl.EasebuzzAutopayRegisterServiceImpl.registerAutopay::117 - Request Body key=5OEKXZESM&txnid=kpm8t8t66LdRbPACMRNsXYVfyhMHYeKo&amount=1.0&productinfo=loan&firstname=vereesh&phone=09880418761&email=hm@gmail.com&surl=https://localhost:8085/autopay/api/status/v1/success-redirect&furl=https://localhost:8085/autopay/api/status/v1/failure-redirect &hash=e2f29bdf6a380060489d1973ce1c282ef494d8fadfc28c5df8eb3bc020b83710cee5def50a7e01cb9c4dd4dcd3833f50bb8487f55afe169b2796985426f2362e&udf1=&udf2=&udf3=&udf4=&udf5=1000&udf6=&udf7=&udf8=null&udf9=null&udf10=null&address1=&address2=&city=&state=&country=India&zipcode=&customer_authentication_id=apay_kpm8t8t66LdRbPACMRNsXYVfyhMHYeKo&showpaymentmode=UPIAD&submerchantid=S1428914X1H&requestflow=SEAMLESS&finalcollectiondate=31/12/2024
29-08-2024 14:38:00.319 [34mINFO [0;39m com.saswat.autopay.serviceImpl.EasebuzzAutopayRegisterServiceImpl.registerAutopay::125 - Response Code 200
29-08-2024 14:38:00.321 [34mINFO [0;39m com.saswat.autopay.serviceImpl.EasebuzzAutopayRegisterServiceImpl.registerAutopay::137 - Response Body {"status": 0, "error_desc": "Auto debit option is not enabled.", "data": "Parameter validation failed"}
29-08-2024 14:38:19.088 [34mINFO [0;39m com.saswat.autopay.serviceImpl.EasebuzzAutopayRegisterServiceImpl.registerAutopay::63 - Uniquely generated txnid lkkYkMQ0EnmU1os7uJZWDbvaGn5ptgg3
29-08-2024 14:38:19.089 [34mINFO [0;39m com.saswat.autopay.serviceImpl.EasebuzzAutopayRegisterServiceImpl.registerAutopay::77 - Generated Hash: 987dd7cfe666d4a2a9b7f541cc07d0b7f4f4c41e7049aadffdf7f8e2e1cde0497142aea5d3a2c602ea9879e9ec6d89e4060efae075eee6b1c013c125447fe7a3
29-08-2024 14:38:19.090 [34mINFO [0;39m com.saswat.autopay.serviceImpl.EasebuzzAutopayRegisterServiceImpl.registerAutopay::103 - Request for Autopay Register : {}com.saswat.autopay.Utils.InitiateAutopayRequestDto@7fd2286b
29-08-2024 14:38:19.093 [34mINFO [0;39m com.saswat.autopay.serviceImpl.EasebuzzAutopayRegisterServiceImpl.registerAutopay::116 - Request Url https://testpay.easebuzz.in/payment/initiateLink
29-08-2024 14:38:19.094 [34mINFO [0;39m com.saswat.autopay.serviceImpl.EasebuzzAutopayRegisterServiceImpl.registerAutopay::117 - Request Body key=5OEKXZESM&txnid=lkkYkMQ0EnmU1os7uJZWDbvaGn5ptgg3&amount=1.0&productinfo=loan&firstname=vereesh&phone=09880418761&email=hm@gmail.com&surl=https://localhost:8085/autopay/api/status/v1/success-redirect&furl=https://localhost:8085/autopay/api/status/v1/failure-redirect &hash=987dd7cfe666d4a2a9b7f541cc07d0b7f4f4c41e7049aadffdf7f8e2e1cde0497142aea5d3a2c602ea9879e9ec6d89e4060efae075eee6b1c013c125447fe7a3&udf1=&udf2=&udf3=&udf4=&udf5=1000&udf6=&udf7=&udf8=null&udf9=null&udf10=null&address1=&address2=&city=&state=&country=India&zipcode=&customer_authentication_id=apay_lkkYkMQ0EnmU1os7uJZWDbvaGn5ptgg3&showpaymentmode=UPIAD&submerchantid=S1428914X1H&requestflow=SEAMLESS&finalcollectiondate=31/12/2024
29-08-2024 14:38:19.253 [34mINFO [0;39m com.saswat.autopay.serviceImpl.EasebuzzAutopayRegisterServiceImpl.registerAutopay::125 - Response Code 200
29-08-2024 14:38:19.256 [34mINFO [0;39m com.saswat.autopay.serviceImpl.EasebuzzAutopayRegisterServiceImpl.registerAutopay::137 - Response Body {"status": 0, "error_desc": "Auto debit option is not enabled.", "data": "Parameter validation failed"}
29-08-2024 14:38:36.662 [34mINFO [0;39m com.saswat.autopay.SaswatAutopayApplication.logStarting::55 - Starting SaswatAutopayApplication using Java 17.0.10 on DESKTOP-RC1KRCA with PID 10372 (C:\saswat-projects\saswat-autopay\bin\main started by VereeshHereemata in C:\saswat-projects\saswat-autopay)
29-08-2024 14:38:36.666 [34mINFO [0;39m com.saswat.autopay.SaswatAutopayApplication.logStartupProfileInfo::634 - No active profile set, falling back to 1 default profile: "default"
29-08-2024 14:38:37.324 [34mINFO [0;39m org.springframework.data.repository.config.RepositoryConfigurationDelegate.registerRepositoriesIn::132 - Bootstrapping Spring Data JPA repositories in DEFAULT mode.
29-08-2024 14:38:37.346 [34mINFO [0;39m org.springframework.data.repository.config.RepositoryConfigurationDelegate.registerRepositoriesIn::201 - Finished Spring Data repository scanning in 9 ms. Found 0 JPA repository interfaces.
29-08-2024 14:38:38.371 [34mINFO [0;39m org.springframework.boot.web.embedded.tomcat.TomcatWebServer.initialize::108 - Tomcat initialized with port(s): 8085 (https)
29-08-2024 14:38:38.380 [34mINFO [0;39m org.apache.catalina.core.StandardService.log::173 - Starting service [Tomcat]
29-08-2024 14:38:38.381 [34mINFO [0;39m org.apache.catalina.core.StandardEngine.log::173 - Starting Servlet engine: [Apache Tomcat/9.0.65]
29-08-2024 14:38:38.498 [34mINFO [0;39m org.apache.catalina.core.ContainerBase.[Tomcat].[localhost].[/autopay/api].log::173 - Initializing Spring embedded WebApplicationContext
29-08-2024 14:38:38.499 [34mINFO [0;39m org.springframework.boot.web.servlet.context.ServletWebServerApplicationContext.prepareWebApplicationContext::292 - Root WebApplicationContext: initialization completed in 1764 ms
29-08-2024 14:38:38.636 [34mINFO [0;39m com.zaxxer.hikari.HikariDataSource.<init>::80 - HikariPool-1 - Starting...
29-08-2024 14:38:38.866 [34mINFO [0;39m com.zaxxer.hikari.HikariDataSource.<init>::82 - HikariPool-1 - Start completed.
29-08-2024 14:38:38.974 [34mINFO [0;39m org.hibernate.jpa.internal.util.LogHelper.logPersistenceUnitInformation::31 - HHH000204: Processing PersistenceUnitInfo [name: casTxnPU]
29-08-2024 14:38:39.045 [34mINFO [0;39m org.hibernate.Version.logVersion::44 - HHH000412: Hibernate ORM core version 5.6.10.Final
29-08-2024 14:38:39.254 [34mINFO [0;39m org.hibernate.annotations.common.Version.<clinit>::56 - HCANN000001: Hibernate Commons Annotations {5.1.2.Final}
29-08-2024 14:38:39.412 [34mINFO [0;39m org.hibernate.dialect.Dialect.<init>::175 - HHH000400: Using dialect: org.hibernate.dialect.PostgreSQLDialect
29-08-2024 14:38:39.670 [34mINFO [0;39m org.hibernate.orm.connections.access.getIsolatedConnection::48 - HHH10001501: Connection obtained from JdbcConnectionAccess [org.hibernate.engine.jdbc.env.internal.JdbcEnvironmentInitiator$ConnectionProviderJdbcConnectionAccess@23396fc0] for (non-JTA) DDL execution was not in auto-commit mode; the Connection 'local transaction' will be committed and the Connection will be set into auto-commit mode.
29-08-2024 14:38:39.708 [34mINFO [0;39m org.hibernate.engine.transaction.jta.platform.internal.JtaPlatformInitiator.initiateService::52 - HHH000490: Using JtaPlatform implementation: [org.hibernate.engine.transaction.jta.platform.internal.NoJtaPlatform]
29-08-2024 14:38:39.717 [34mINFO [0;39m org.springframework.orm.jpa.LocalContainerEntityManagerFactoryBean.buildNativeEntityManagerFactory::437 - Initialized JPA EntityManagerFactory for persistence unit 'casTxnPU'
29-08-2024 14:38:40.005 [31mWARN [0;39m org.springframework.boot.autoconfigure.orm.jpa.JpaBaseConfiguration$JpaWebConfiguration.openEntityManagerInViewInterceptor::219 - spring.jpa.open-in-view is enabled by default. Therefore, database queries may be performed during view rendering. Explicitly configure spring.jpa.open-in-view to disable this warning
29-08-2024 14:38:41.115 [34mINFO [0;39m org.springframework.boot.web.embedded.tomcat.TomcatWebServer.start::220 - Tomcat started on port(s): 8085 (https) with context path '/autopay/api'
29-08-2024 14:38:41.123 [34mINFO [0;39m com.saswat.autopay.serviceImpl.ApplicationStartupListener.onApplicationEvent::18 - Application has started at 2024-08-29T14:38:41.123161100
29-08-2024 14:38:41.133 [34mINFO [0;39m com.saswat.autopay.SaswatAutopayApplication.logStarted::61 - Started SaswatAutopayApplication in 4.919 seconds (JVM running for 5.334)
29-08-2024 14:38:43.970 [34mINFO [0;39m org.apache.catalina.core.ContainerBase.[Tomcat].[localhost].[/autopay/api].log::173 - Initializing Spring DispatcherServlet 'dispatcherServlet'
29-08-2024 14:38:44.094 [34mINFO [0;39m com.saswat.autopay.serviceImpl.EasebuzzAutopayRegisterServiceImpl.registerAutopay::63 - Uniquely generated txnid tK7xP1HjpJfEjWYgNeC3hJ10X9Sk3umO
29-08-2024 14:38:44.129 [34mINFO [0;39m com.saswat.autopay.serviceImpl.EasebuzzAutopayRegisterServiceImpl.registerAutopay::77 - Generated Hash: f9369a825a60c1b0a3e407db6b7c8737c0ed750a1e72d9572eef40806a7bd3462095d205981adb55600410b13eb06329b0bfb00a21513e1a353e9bc3fc1bd93b
29-08-2024 14:38:44.161 [34mINFO [0;39m com.saswat.autopay.serviceImpl.EasebuzzAutopayRegisterServiceImpl.registerAutopay::103 - Request for Autopay Register : {}com.saswat.autopay.Utils.InitiateAutopayRequestDto@3c06d644
29-08-2024 14:38:44.168 [34mINFO [0;39m com.saswat.autopay.serviceImpl.EasebuzzAutopayRegisterServiceImpl.registerAutopay::116 - Request Url https://stoplight.io/mocks/easebuzz/payment-gateway/93731601/payment/initiateLink
29-08-2024 14:38:44.169 [34mINFO [0;39m com.saswat.autopay.serviceImpl.EasebuzzAutopayRegisterServiceImpl.registerAutopay::117 - Request Body key=5OEKXZESM&txnid=tK7xP1HjpJfEjWYgNeC3hJ10X9Sk3umO&amount=1.0&productinfo=loan&firstname=vereesh&phone=09880418761&email=hm@gmail.com&surl=https://localhost:8085/autopay/api/status/v1/success-redirect&furl=https://localhost:8085/autopay/api/status/v1/failure-redirect &hash=f9369a825a60c1b0a3e407db6b7c8737c0ed750a1e72d9572eef40806a7bd3462095d205981adb55600410b13eb06329b0bfb00a21513e1a353e9bc3fc1bd93b&udf1=&udf2=&udf3=&udf4=&udf5=1000&udf6=&udf7=&udf8=null&udf9=null&udf10=null&address1=&address2=&city=&state=&country=India&zipcode=&customer_authentication_id=apay_tK7xP1HjpJfEjWYgNeC3hJ10X9Sk3umO&showpaymentmode=UPIAD&submerchantid=S1428914X1H&requestflow=SEAMLESS&finalcollectiondate=31/12/2024
29-08-2024 14:38:44.738 [34mINFO [0;39m com.saswat.autopay.serviceImpl.EasebuzzAutopayRegisterServiceImpl.registerAutopay::125 - Response Code 200
29-08-2024 14:38:44.741 [34mINFO [0;39m com.saswat.autopay.serviceImpl.EasebuzzAutopayRegisterServiceImpl.registerAutopay::137 - Response Body {"status":1,"data":"0437238cd4a841bed8270295ead414a0f7f6f16d2ea1f6f92588e53577b3184b"}
29-08-2024 14:38:44.764 [34mINFO [0;39m com.saswat.autopay.serviceImpl.EasebuzzAutopayRegisterServiceImpl.registerAutopay::156 - Response Body {"status":1,"paymentUrl":"https://testpay.easebuzz.in/pay/0437238cd4a841bed8270295ead414a0f7f6f16d2ea1f6f92588e53577b3184b","txnid":"tK7xP1HjpJfEjWYgNeC3hJ10X9Sk3umO","customer_authentication_id":"apay_tK7xP1HjpJfEjWYgNeC3hJ10X9Sk3umO","data":"0437238cd4a841bed8270295ead414a0f7f6f16d2ea1f6f92588e53577b3184b"}
29-08-2024 14:39:32.341 [34mINFO [0;39m com.saswat.autopay.serviceImpl.EasebuzzAutopayRegisterServiceImpl.registerAutopay::63 - Uniquely generated txnid miYuRvvUznfVBzRhrKSKvrWeHpCLP51U
29-08-2024 14:39:32.342 [34mINFO [0;39m com.saswat.autopay.serviceImpl.EasebuzzAutopayRegisterServiceImpl.registerAutopay::77 - Generated Hash: 05019aac95fa313b7123532da03eea4848bcdabb98cf76724c5a78c40e4a1cf33df59300796987de42e3c88df84cbf0bc2412dd280dec882b4c4e5762ba1e897
29-08-2024 14:39:32.343 [34mINFO [0;39m com.saswat.autopay.serviceImpl.EasebuzzAutopayRegisterServiceImpl.registerAutopay::103 - Request for Autopay Register : {}com.saswat.autopay.Utils.InitiateAutopayRequestDto@3434c65d
29-08-2024 14:39:32.343 [34mINFO [0;39m com.saswat.autopay.serviceImpl.EasebuzzAutopayRegisterServiceImpl.registerAutopay::116 - Request Url https://stoplight.io/mocks/easebuzz/payment-gateway/93731601/payment/initiateLink
29-08-2024 14:39:32.345 [34mINFO [0;39m com.saswat.autopay.serviceImpl.EasebuzzAutopayRegisterServiceImpl.registerAutopay::117 - Request Body key=5OEKXZESM&txnid=miYuRvvUznfVBzRhrKSKvrWeHpCLP51U&amount=1.0&productinfo=loan&firstname=vereesh&phone=09880418761&email=hm@gmail.com&surl=https://localhost:8085/autopay/api/status/v1/success-redirect&furl=https://localhost:8085/autopay/api/status/v1/failure-redirect &hash=05019aac95fa313b7123532da03eea4848bcdabb98cf76724c5a78c40e4a1cf33df59300796987de42e3c88df84cbf0bc2412dd280dec882b4c4e5762ba1e897&udf1=&udf2=&udf3=&udf4=&udf5=1000&udf6=&udf7=&udf8=null&udf9=null&udf10=null&address1=&address2=&city=&state=&country=India&zipcode=&customer_authentication_id=apay_miYuRvvUznfVBzRhrKSKvrWeHpCLP51U&showpaymentmode=UPIAD&submerchantid=S1428914X1H&requestflow=SEAMLESS&finalcollectiondate=31/12/2024
29-08-2024 14:39:32.857 [34mINFO [0;39m com.saswat.autopay.serviceImpl.EasebuzzAutopayRegisterServiceImpl.registerAutopay::125 - Response Code 200
29-08-2024 14:39:32.859 [34mINFO [0;39m com.saswat.autopay.serviceImpl.EasebuzzAutopayRegisterServiceImpl.registerAutopay::137 - Response Body {"status":1,"data":"0437238cd4a841bed8270295ead414a0f7f6f16d2ea1f6f92588e53577b3184b"}
29-08-2024 14:39:32.860 [34mINFO [0;39m com.saswat.autopay.serviceImpl.EasebuzzAutopayRegisterServiceImpl.registerAutopay::156 - Response Body {"status":1,"paymentUrl":"https://testpay.easebuzz.in/pay/0437238cd4a841bed8270295ead414a0f7f6f16d2ea1f6f92588e53577b3184b","txnid":"miYuRvvUznfVBzRhrKSKvrWeHpCLP51U","customer_authentication_id":"apay_miYuRvvUznfVBzRhrKSKvrWeHpCLP51U","data":"0437238cd4a841bed8270295ead414a0f7f6f16d2ea1f6f92588e53577b3184b"}
29-08-2024 14:39:42.937 [34mINFO [0;39m com.saswat.autopay.SaswatAutopayApplication.logStarting::55 - Starting SaswatAutopayApplication using Java 17.0.10 on DESKTOP-RC1KRCA with PID 13260 (C:\saswat-projects\saswat-autopay\bin\main started by VereeshHereemata in C:\saswat-projects\saswat-autopay)
29-08-2024 14:39:42.940 [34mINFO [0;39m com.saswat.autopay.SaswatAutopayApplication.logStartupProfileInfo::634 - No active profile set, falling back to 1 default profile: "default"
29-08-2024 14:39:43.647 [34mINFO [0;39m org.springframework.data.repository.config.RepositoryConfigurationDelegate.registerRepositoriesIn::132 - Bootstrapping Spring Data JPA repositories in DEFAULT mode.
29-08-2024 14:39:43.666 [34mINFO [0;39m org.springframework.data.repository.config.RepositoryConfigurationDelegate.registerRepositoriesIn::201 - Finished Spring Data repository scanning in 8 ms. Found 0 JPA repository interfaces.
29-08-2024 14:39:44.674 [34mINFO [0;39m org.springframework.boot.web.embedded.tomcat.TomcatWebServer.initialize::108 - Tomcat initialized with port(s): 8085 (https)
29-08-2024 14:39:44.684 [34mINFO [0;39m org.apache.catalina.core.StandardService.log::173 - Starting service [Tomcat]
29-08-2024 14:39:44.685 [34mINFO [0;39m org.apache.catalina.core.StandardEngine.log::173 - Starting Servlet engine: [Apache Tomcat/9.0.65]
29-08-2024 14:39:44.808 [34mINFO [0;39m org.apache.catalina.core.ContainerBase.[Tomcat].[localhost].[/autopay/api].log::173 - Initializing Spring embedded WebApplicationContext
29-08-2024 14:39:44.809 [34mINFO [0;39m org.springframework.boot.web.servlet.context.ServletWebServerApplicationContext.prepareWebApplicationContext::292 - Root WebApplicationContext: initialization completed in 1812 ms
29-08-2024 14:39:44.982 [34mINFO [0;39m com.zaxxer.hikari.HikariDataSource.<init>::80 - HikariPool-1 - Starting...
29-08-2024 14:39:45.214 [34mINFO [0;39m com.zaxxer.hikari.HikariDataSource.<init>::82 - HikariPool-1 - Start completed.
29-08-2024 14:39:45.324 [34mINFO [0;39m org.hibernate.jpa.internal.util.LogHelper.logPersistenceUnitInformation::31 - HHH000204: Processing PersistenceUnitInfo [name: casTxnPU]
29-08-2024 14:39:45.373 [34mINFO [0;39m org.hibernate.Version.logVersion::44 - HHH000412: Hibernate ORM core version 5.6.10.Final
29-08-2024 14:39:45.604 [34mINFO [0;39m org.hibernate.annotations.common.Version.<clinit>::56 - HCANN000001: Hibernate Commons Annotations {5.1.2.Final}
29-08-2024 14:39:45.777 [34mINFO [0;39m org.hibernate.dialect.Dialect.<init>::175 - HHH000400: Using dialect: org.hibernate.dialect.PostgreSQLDialect
29-08-2024 14:39:45.973 [34mINFO [0;39m org.hibernate.orm.connections.access.getIsolatedConnection::48 - HHH10001501: Connection obtained from JdbcConnectionAccess [org.hibernate.engine.jdbc.env.internal.JdbcEnvironmentInitiator$ConnectionProviderJdbcConnectionAccess@3005623b] for (non-JTA) DDL execution was not in auto-commit mode; the Connection 'local transaction' will be committed and the Connection will be set into auto-commit mode.
29-08-2024 14:39:46.011 [34mINFO [0;39m org.hibernate.engine.transaction.jta.platform.internal.JtaPlatformInitiator.initiateService::52 - HHH000490: Using JtaPlatform implementation: [org.hibernate.engine.transaction.jta.platform.internal.NoJtaPlatform]
29-08-2024 14:39:46.021 [34mINFO [0;39m org.springframework.orm.jpa.LocalContainerEntityManagerFactoryBean.buildNativeEntityManagerFactory::437 - Initialized JPA EntityManagerFactory for persistence unit 'casTxnPU'
29-08-2024 14:39:46.316 [31mWARN [0;39m org.springframework.boot.autoconfigure.orm.jpa.JpaBaseConfiguration$JpaWebConfiguration.openEntityManagerInViewInterceptor::219 - spring.jpa.open-in-view is enabled by default. Therefore, database queries may be performed during view rendering. Explicitly configure spring.jpa.open-in-view to disable this warning
29-08-2024 14:39:47.568 [34mINFO [0;39m org.springframework.boot.web.embedded.tomcat.TomcatWebServer.start::220 - Tomcat started on port(s): 8085 (https) with context path '/autopay/api'
29-08-2024 14:39:47.579 [34mINFO [0;39m com.saswat.autopay.serviceImpl.ApplicationStartupListener.onApplicationEvent::18 - Application has started at 2024-08-29T14:39:47.579466400
29-08-2024 14:39:47.584 [34mINFO [0;39m com.saswat.autopay.SaswatAutopayApplication.logStarted::61 - Started SaswatAutopayApplication in 5.104 seconds (JVM running for 5.487)
29-08-2024 14:39:54.265 [34mINFO [0;39m org.apache.catalina.core.ContainerBase.[Tomcat].[localhost].[/autopay/api].log::173 - Initializing Spring DispatcherServlet 'dispatcherServlet'
29-08-2024 14:39:54.377 [34mINFO [0;39m com.saswat.autopay.serviceImpl.EasebuzzAutopayRegisterServiceImpl.registerAutopay::63 - Uniquely generated txnid edat26lutenoFoyy1R0Icg11Aj1Tkwbk
29-08-2024 14:39:54.412 [34mINFO [0;39m com.saswat.autopay.serviceImpl.EasebuzzAutopayRegisterServiceImpl.registerAutopay::77 - Generated Hash: 63ea5b22f93ce2361fe9347a968e4d37ec26cdf7079e0da5304ae12efb4ddbdd00f55261124f620f464534736aa317fb2db32bf03f7fb3de21dbdf474c720c77
29-08-2024 14:39:54.444 [34mINFO [0;39m com.saswat.autopay.serviceImpl.EasebuzzAutopayRegisterServiceImpl.registerAutopay::103 - Request for Autopay Register : {}com.saswat.autopay.Utils.InitiateAutopayRequestDto@69450580
29-08-2024 14:39:54.449 [34mINFO [0;39m com.saswat.autopay.serviceImpl.EasebuzzAutopayRegisterServiceImpl.registerAutopay::116 - Request Url https://stoplight.io/mocks/easebuzz/payment-gateway/93731601/payment/initiateLink
29-08-2024 14:39:54.449 [34mINFO [0;39m com.saswat.autopay.serviceImpl.EasebuzzAutopayRegisterServiceImpl.registerAutopay::117 - Request Body key=5OEKXZESM&txnid=edat26lutenoFoyy1R0Icg11Aj1Tkwbk&amount=1.0&productinfo=loan&firstname=vereesh&phone=09880418761&email=hm@gmail.com&surl=https://localhost:8085/autopay/api/status/v1/success-redirect&furl=https://localhost:8085/autopay/api/status/v1/failure-redirect &hash=63ea5b22f93ce2361fe9347a968e4d37ec26cdf7079e0da5304ae12efb4ddbdd00f55261124f620f464534736aa317fb2db32bf03f7fb3de21dbdf474c720c77&udf1=&udf2=&udf3=&udf4=&udf5=1000&udf6=&udf7=&udf8=null&udf9=null&udf10=null&address1=&address2=&city=&state=&country=India&zipcode=&customer_authentication_id=apay_edat26lutenoFoyy1R0Icg11Aj1Tkwbk&showpaymentmode=UPIAD&submerchantid=S1428914X1H&requestflow=SEAMLESS&finalcollectiondate=31/12/2024
29-08-2024 14:39:55.048 [34mINFO [0;39m com.saswat.autopay.serviceImpl.EasebuzzAutopayRegisterServiceImpl.registerAutopay::125 - Response Code 200
29-08-2024 14:39:55.049 [34mINFO [0;39m com.saswat.autopay.serviceImpl.EasebuzzAutopayRegisterServiceImpl.registerAutopay::137 - Response Body {"status":1,"data":"0437238cd4a841bed8270295ead414a0f7f6f16d2ea1f6f92588e53577b3184b"}
29-08-2024 14:39:55.078 [34mINFO [0;39m com.saswat.autopay.serviceImpl.EasebuzzAutopayRegisterServiceImpl.registerAutopay::156 - Response Body {"status":1,"paymentUrl":"https://testpay.easebuzz.in/pay/0437238cd4a841bed8270295ead414a0f7f6f16d2ea1f6f92588e53577b3184b","txnid":"edat26lutenoFoyy1R0Icg11Aj1Tkwbk","customer_authentication_id":"apay_edat26lutenoFoyy1R0Icg11Aj1Tkwbk","auto_debit_access_key":"0437238cd4a841bed8270295ead414a0f7f6f16d2ea1f6f92588e53577b3184b"}
29-08-2024 14:40:36.175 [34mINFO [0;39m com.saswat.autopay.SaswatAutopayApplication.logStarting::55 - Starting SaswatAutopayApplication using Java 17.0.10 on DESKTOP-RC1KRCA with PID 8648 (C:\saswat-projects\saswat-autopay\bin\main started by VereeshHereemata in C:\saswat-projects\saswat-autopay)
29-08-2024 14:40:36.178 [34mINFO [0;39m com.saswat.autopay.SaswatAutopayApplication.logStartupProfileInfo::634 - No active profile set, falling back to 1 default profile: "default"
29-08-2024 14:40:36.896 [34mINFO [0;39m org.springframework.data.repository.config.RepositoryConfigurationDelegate.registerRepositoriesIn::132 - Bootstrapping Spring Data JPA repositories in DEFAULT mode.
29-08-2024 14:40:36.915 [34mINFO [0;39m org.springframework.data.repository.config.RepositoryConfigurationDelegate.registerRepositoriesIn::201 - Finished Spring Data repository scanning in 8 ms. Found 0 JPA repository interfaces.
29-08-2024 14:40:37.982 [34mINFO [0;39m org.springframework.boot.web.embedded.tomcat.TomcatWebServer.initialize::108 - Tomcat initialized with port(s): 8085 (https)
29-08-2024 14:40:37.999 [34mINFO [0;39m org.apache.catalina.core.StandardService.log::173 - Starting service [Tomcat]
29-08-2024 14:40:38.000 [34mINFO [0;39m org.apache.catalina.core.StandardEngine.log::173 - Starting Servlet engine: [Apache Tomcat/9.0.65]
29-08-2024 14:40:38.131 [34mINFO [0;39m org.apache.catalina.core.ContainerBase.[Tomcat].[localhost].[/autopay/api].log::173 - Initializing Spring embedded WebApplicationContext
29-08-2024 14:40:38.131 [34mINFO [0;39m org.springframework.boot.web.servlet.context.ServletWebServerApplicationContext.prepareWebApplicationContext::292 - Root WebApplicationContext: initialization completed in 1884 ms
29-08-2024 14:40:38.306 [34mINFO [0;39m com.zaxxer.hikari.HikariDataSource.<init>::80 - HikariPool-1 - Starting...
29-08-2024 14:40:38.526 [34mINFO [0;39m com.zaxxer.hikari.HikariDataSource.<init>::82 - HikariPool-1 - Start completed.
29-08-2024 14:40:38.641 [34mINFO [0;39m org.hibernate.jpa.internal.util.LogHelper.logPersistenceUnitInformation::31 - HHH000204: Processing PersistenceUnitInfo [name: casTxnPU]
29-08-2024 14:40:38.713 [34mINFO [0;39m org.hibernate.Version.logVersion::44 - HHH000412: Hibernate ORM core version 5.6.10.Final
29-08-2024 14:40:38.955 [34mINFO [0;39m org.hibernate.annotations.common.Version.<clinit>::56 - HCANN000001: Hibernate Commons Annotations {5.1.2.Final}
29-08-2024 14:40:39.135 [34mINFO [0;39m org.hibernate.dialect.Dialect.<init>::175 - HHH000400: Using dialect: org.hibernate.dialect.PostgreSQLDialect
29-08-2024 14:40:39.337 [34mINFO [0;39m org.hibernate.orm.connections.access.getIsolatedConnection::48 - HHH10001501: Connection obtained from JdbcConnectionAccess [org.hibernate.engine.jdbc.env.internal.JdbcEnvironmentInitiator$ConnectionProviderJdbcConnectionAccess@3c09a350] for (non-JTA) DDL execution was not in auto-commit mode; the Connection 'local transaction' will be committed and the Connection will be set into auto-commit mode.
29-08-2024 14:40:39.372 [34mINFO [0;39m org.hibernate.engine.transaction.jta.platform.internal.JtaPlatformInitiator.initiateService::52 - HHH000490: Using JtaPlatform implementation: [org.hibernate.engine.transaction.jta.platform.internal.NoJtaPlatform]
29-08-2024 14:40:39.381 [34mINFO [0;39m org.springframework.orm.jpa.LocalContainerEntityManagerFactoryBean.buildNativeEntityManagerFactory::437 - Initialized JPA EntityManagerFactory for persistence unit 'casTxnPU'
29-08-2024 14:40:39.698 [31mWARN [0;39m org.springframework.boot.autoconfigure.orm.jpa.JpaBaseConfiguration$JpaWebConfiguration.openEntityManagerInViewInterceptor::219 - spring.jpa.open-in-view is enabled by default. Therefore, database queries may be performed during view rendering. Explicitly configure spring.jpa.open-in-view to disable this warning
29-08-2024 14:40:40.806 [34mINFO [0;39m org.springframework.boot.web.embedded.tomcat.TomcatWebServer.start::220 - Tomcat started on port(s): 8085 (https) with context path '/autopay/api'
29-08-2024 14:40:40.818 [34mINFO [0;39m com.saswat.autopay.serviceImpl.ApplicationStartupListener.onApplicationEvent::18 - Application has started at 2024-08-29T14:40:40.818057200
29-08-2024 14:40:40.834 [34mINFO [0;39m com.saswat.autopay.SaswatAutopayApplication.logStarted::61 - Started SaswatAutopayApplication in 5.08 seconds (JVM running for 5.498)
29-08-2024 14:40:52.659 [34mINFO [0;39m org.apache.catalina.core.ContainerBase.[Tomcat].[localhost].[/autopay/api].log::173 - Initializing Spring DispatcherServlet 'dispatcherServlet'
29-08-2024 14:40:53.174 [34mINFO [0;39m com.saswat.autopay.serviceImpl.EasebuzzAutopayRegisterServiceImpl.registerAutopay::63 - Uniquely generated txnid ZtCzL1A6mj3UIBMuRiOqCpzrRmepTrnk
29-08-2024 14:40:53.501 [34mINFO [0;39m com.saswat.autopay.serviceImpl.EasebuzzAutopayRegisterServiceImpl.registerAutopay::77 - Generated Hash: 84ce176d0c8f94a0c1805f0f09b6858f709b831acbb3e691ae6b6469e42515021747c05a033d80a6032a3414d56df33fa0ac17d96897140e6285bd20aaaec440
29-08-2024 14:40:53.831 [34mINFO [0;39m com.saswat.autopay.serviceImpl.EasebuzzAutopayRegisterServiceImpl.registerAutopay::103 - Request for Autopay Register : {}com.saswat.autopay.Utils.InitiateAutopayRequestDto@3397bb54
29-08-2024 14:40:53.894 [34mINFO [0;39m com.saswat.autopay.serviceImpl.EasebuzzAutopayRegisterServiceImpl.registerAutopay::116 - Request Url https://testpay.easebuzz.in/payment/initiateLink
29-08-2024 14:40:53.910 [34mINFO [0;39m com.saswat.autopay.serviceImpl.EasebuzzAutopayRegisterServiceImpl.registerAutopay::117 - Request Body key=5OEKXZESM&txnid=ZtCzL1A6mj3UIBMuRiOqCpzrRmepTrnk&amount=1.0&productinfo=loan&firstname=vereesh&phone=09880418761&email=hm@gmail.com&surl=https://localhost:8085/autopay/api/status/v1/success-redirect&furl=https://localhost:8085/autopay/api/status/v1/failure-redirect &hash=84ce176d0c8f94a0c1805f0f09b6858f709b831acbb3e691ae6b6469e42515021747c05a033d80a6032a3414d56df33fa0ac17d96897140e6285bd20aaaec440&udf1=&udf2=&udf3=&udf4=&udf5=1000&udf6=&udf7=&udf8=null&udf9=null&udf10=null&address1=&address2=&city=&state=&country=India&zipcode=&customer_authentication_id=apay_ZtCzL1A6mj3UIBMuRiOqCpzrRmepTrnk&showpaymentmode=UPIAD&submerchantid=S1428914X1H&requestflow=SEAMLESS&finalcollectiondate=31/12/2024
29-08-2024 14:40:54.370 [34mINFO [0;39m com.saswat.autopay.serviceImpl.EasebuzzAutopayRegisterServiceImpl.registerAutopay::125 - Response Code 200
29-08-2024 14:40:54.370 [34mINFO [0;39m com.saswat.autopay.serviceImpl.EasebuzzAutopayRegisterServiceImpl.registerAutopay::137 - Response Body {"status": 0, "error_desc": "Auto debit option is not enabled.", "data": "Parameter validation failed"}
29-08-2024 15:51:53.612 [34mINFO [0;39m com.saswat.autopay.SaswatAutopayApplication.logStarting::55 - Starting SaswatAutopayApplication using Java 17.0.10 on DESKTOP-RC1KRCA with PID 20996 (C:\saswat-projects\saswat-autopay\bin\main started by VereeshHereemata in C:\saswat-projects\saswat-autopay)
29-08-2024 15:51:53.614 [34mINFO [0;39m com.saswat.autopay.SaswatAutopayApplication.logStartupProfileInfo::634 - No active profile set, falling back to 1 default profile: "default"
29-08-2024 15:51:54.147 [34mINFO [0;39m org.springframework.data.repository.config.RepositoryConfigurationDelegate.registerRepositoriesIn::132 - Bootstrapping Spring Data JPA repositories in DEFAULT mode.
29-08-2024 15:51:54.163 [34mINFO [0;39m org.springframework.data.repository.config.RepositoryConfigurationDelegate.registerRepositoriesIn::201 - Finished Spring Data repository scanning in 6 ms. Found 0 JPA repository interfaces.
29-08-2024 15:51:54.984 [34mINFO [0;39m org.springframework.boot.web.embedded.tomcat.TomcatWebServer.initialize::108 - Tomcat initialized with port(s): 8085 (https)
29-08-2024 15:51:54.994 [34mINFO [0;39m org.apache.catalina.core.StandardService.log::173 - Starting service [Tomcat]
29-08-2024 15:51:54.995 [34mINFO [0;39m org.apache.catalina.core.StandardEngine.log::173 - Starting Servlet engine: [Apache Tomcat/9.0.65]
29-08-2024 15:51:55.086 [34mINFO [0;39m org.apache.catalina.core.ContainerBase.[Tomcat].[localhost].[/autopay/api].log::173 - Initializing Spring embedded WebApplicationContext
29-08-2024 15:51:55.086 [34mINFO [0;39m org.springframework.boot.web.servlet.context.ServletWebServerApplicationContext.prepareWebApplicationContext::292 - Root WebApplicationContext: initialization completed in 1428 ms
29-08-2024 15:51:55.205 [34mINFO [0;39m com.zaxxer.hikari.HikariDataSource.<init>::80 - HikariPool-1 - Starting...
29-08-2024 15:51:55.391 [34mINFO [0;39m com.zaxxer.hikari.HikariDataSource.<init>::82 - HikariPool-1 - Start completed.
29-08-2024 15:51:55.489 [34mINFO [0;39m org.hibernate.jpa.internal.util.LogHelper.logPersistenceUnitInformation::31 - HHH000204: Processing PersistenceUnitInfo [name: casTxnPU]
29-08-2024 15:51:55.549 [34mINFO [0;39m org.hibernate.Version.logVersion::44 - HHH000412: Hibernate ORM core version 5.6.10.Final
29-08-2024 15:51:55.681 [34mINFO [0;39m org.hibernate.annotations.common.Version.<clinit>::56 - HCANN000001: Hibernate Commons Annotations {5.1.2.Final}
29-08-2024 15:51:55.805 [34mINFO [0;39m org.hibernate.dialect.Dialect.<init>::175 - HHH000400: Using dialect: org.hibernate.dialect.PostgreSQLDialect
29-08-2024 15:51:56.028 [34mINFO [0;39m org.hibernate.orm.connections.access.getIsolatedConnection::48 - HHH10001501: Connection obtained from JdbcConnectionAccess [org.hibernate.engine.jdbc.env.internal.JdbcEnvironmentInitiator$ConnectionProviderJdbcConnectionAccess@25fd6d1e] for (non-JTA) DDL execution was not in auto-commit mode; the Connection 'local transaction' will be committed and the Connection will be set into auto-commit mode.
29-08-2024 15:51:56.064 [34mINFO [0;39m org.hibernate.engine.transaction.jta.platform.internal.JtaPlatformInitiator.initiateService::52 - HHH000490: Using JtaPlatform implementation: [org.hibernate.engine.transaction.jta.platform.internal.NoJtaPlatform]
29-08-2024 15:51:56.072 [34mINFO [0;39m org.springframework.orm.jpa.LocalContainerEntityManagerFactoryBean.buildNativeEntityManagerFactory::437 - Initialized JPA EntityManagerFactory for persistence unit 'casTxnPU'
29-08-2024 15:51:56.313 [31mWARN [0;39m org.springframework.boot.autoconfigure.orm.jpa.JpaBaseConfiguration$JpaWebConfiguration.openEntityManagerInViewInterceptor::219 - spring.jpa.open-in-view is enabled by default. Therefore, database queries may be performed during view rendering. Explicitly configure spring.jpa.open-in-view to disable this warning
29-08-2024 15:51:57.304 [34mINFO [0;39m org.springframework.boot.web.embedded.tomcat.TomcatWebServer.start::220 - Tomcat started on port(s): 8085 (https) with context path '/autopay/api'
29-08-2024 15:51:57.310 [34mINFO [0;39m com.saswat.autopay.serviceImpl.ApplicationStartupListener.onApplicationEvent::18 - Application has started at 2024-08-29T15:51:57.310219900
29-08-2024 15:51:57.316 [34mINFO [0;39m com.saswat.autopay.SaswatAutopayApplication.logStarted::61 - Started SaswatAutopayApplication in 4.042 seconds (JVM running for 4.356)
29-08-2024 15:52:04.556 [34mINFO [0;39m org.apache.catalina.core.ContainerBase.[Tomcat].[localhost].[/autopay/api].log::173 - Initializing Spring DispatcherServlet 'dispatcherServlet'
29-08-2024 15:52:04.644 [34mINFO [0;39m com.saswat.autopay.serviceImpl.EasebuzzAutopayRegisterServiceImpl.registerAutopay::63 - Uniquely generated txnid hfwMjtcZGAlj7qgf7W0gLymKRS5M2ug0
29-08-2024 15:52:04.667 [34mINFO [0;39m com.saswat.autopay.serviceImpl.EasebuzzAutopayRegisterServiceImpl.registerAutopay::77 - Generated Hash: 50e39a62ec83d23d1ff92e329d075a04068d1e86f690b7232c8e0b2823426d84d03bfe45befcc4f98cd3d589c69acf756f45156617c2d71dc115dbc7985c8cda
29-08-2024 15:52:04.693 [34mINFO [0;39m com.saswat.autopay.serviceImpl.EasebuzzAutopayRegisterServiceImpl.registerAutopay::103 - Request for Autopay Register : com.saswat.autopay.Utils.InitiateAutopayRequestDto@48752f7d
29-08-2024 15:52:04.699 [34mINFO [0;39m com.saswat.autopay.serviceImpl.EasebuzzAutopayRegisterServiceImpl.registerAutopay::116 - Request Url https://testpay.easebuzz.in/payment/initiateLink
29-08-2024 15:52:04.700 [34mINFO [0;39m com.saswat.autopay.serviceImpl.EasebuzzAutopayRegisterServiceImpl.registerAutopay::117 - Request Body key=5OEKXZESM&txnid=hfwMjtcZGAlj7qgf7W0gLymKRS5M2ug0&amount=1.0&productinfo=loan&firstname=vereesh&phone=09880418761&email=hm@gmail.com&surl=https://localhost:8085/autopay/api/status/v1/success-redirect&furl=https://localhost:8085/autopay/api/status/v1/failure-redirect &hash=50e39a62ec83d23d1ff92e329d075a04068d1e86f690b7232c8e0b2823426d84d03bfe45befcc4f98cd3d589c69acf756f45156617c2d71dc115dbc7985c8cda&udf1=&udf2=&udf3=&udf4=&udf5=1000&udf6=&udf7=&udf8=null&udf9=null&udf10=null&address1=&address2=&city=&state=&country=India&zipcode=&customer_authentication_id=apay_hfwMjtcZGAlj7qgf7W0gLymKRS5M2ug0&showpaymentmode=UPIAD&submerchantid=S1428914X1H&requestflow=SEAMLESS&finalcollectiondate=31/12/2024
29-08-2024 15:52:04.913 [34mINFO [0;39m com.saswat.autopay.serviceImpl.EasebuzzAutopayRegisterServiceImpl.registerAutopay::125 - Response Code 200
29-08-2024 15:52:04.915 [34mINFO [0;39m com.saswat.autopay.serviceImpl.EasebuzzAutopayRegisterServiceImpl.registerAutopay::137 - Response Body {"status": 0, "error_desc": "Auto debit option is not enabled.", "data": "Parameter validation failed"}
29-08-2024 15:52:41.255 [34mINFO [0;39m com.saswat.autopay.SaswatAutopayApplication.logStarting::55 - Starting SaswatAutopayApplication using Java 17.0.10 on DESKTOP-RC1KRCA with PID 20196 (C:\saswat-projects\saswat-autopay\bin\main started by VereeshHereemata in C:\saswat-projects\saswat-autopay)
29-08-2024 15:52:41.257 [34mINFO [0;39m com.saswat.autopay.SaswatAutopayApplication.logStartupProfileInfo::634 - No active profile set, falling back to 1 default profile: "default"
29-08-2024 15:52:41.773 [34mINFO [0;39m org.springframework.data.repository.config.RepositoryConfigurationDelegate.registerRepositoriesIn::132 - Bootstrapping Spring Data JPA repositories in DEFAULT mode.
29-08-2024 15:52:41.789 [34mINFO [0;39m org.springframework.data.repository.config.RepositoryConfigurationDelegate.registerRepositoriesIn::201 - Finished Spring Data repository scanning in 6 ms. Found 0 JPA repository interfaces.
29-08-2024 15:52:42.614 [34mINFO [0;39m org.springframework.boot.web.embedded.tomcat.TomcatWebServer.initialize::108 - Tomcat initialized with port(s): 8085 (https)
29-08-2024 15:52:42.622 [34mINFO [0;39m org.apache.catalina.core.StandardService.log::173 - Starting service [Tomcat]
29-08-2024 15:52:42.623 [34mINFO [0;39m org.apache.catalina.core.StandardEngine.log::173 - Starting Servlet engine: [Apache Tomcat/9.0.65]
29-08-2024 15:52:42.714 [34mINFO [0;39m org.apache.catalina.core.ContainerBase.[Tomcat].[localhost].[/autopay/api].log::173 - Initializing Spring embedded WebApplicationContext
29-08-2024 15:52:42.715 [34mINFO [0;39m org.springframework.boot.web.servlet.context.ServletWebServerApplicationContext.prepareWebApplicationContext::292 - Root WebApplicationContext: initialization completed in 1416 ms
29-08-2024 15:52:42.839 [34mINFO [0;39m com.zaxxer.hikari.HikariDataSource.<init>::80 - HikariPool-1 - Starting...
29-08-2024 15:52:43.017 [34mINFO [0;39m com.zaxxer.hikari.HikariDataSource.<init>::82 - HikariPool-1 - Start completed.
29-08-2024 15:52:43.129 [34mINFO [0;39m org.hibernate.jpa.internal.util.LogHelper.logPersistenceUnitInformation::31 - HHH000204: Processing PersistenceUnitInfo [name: casTxnPU]
29-08-2024 15:52:43.208 [34mINFO [0;39m org.hibernate.Version.logVersion::44 - HHH000412: Hibernate ORM core version 5.6.10.Final
29-08-2024 15:52:43.395 [34mINFO [0;39m org.hibernate.annotations.common.Version.<clinit>::56 - HCANN000001: Hibernate Commons Annotations {5.1.2.Final}
29-08-2024 15:52:43.521 [34mINFO [0;39m org.hibernate.dialect.Dialect.<init>::175 - HHH000400: Using dialect: org.hibernate.dialect.PostgreSQLDialect
29-08-2024 15:52:43.736 [34mINFO [0;39m org.hibernate.orm.connections.access.getIsolatedConnection::48 - HHH10001501: Connection obtained from JdbcConnectionAccess [org.hibernate.engine.jdbc.env.internal.JdbcEnvironmentInitiator$ConnectionProviderJdbcConnectionAccess@23396fc0] for (non-JTA) DDL execution was not in auto-commit mode; the Connection 'local transaction' will be committed and the Connection will be set into auto-commit mode.
29-08-2024 15:52:43.763 [34mINFO [0;39m org.hibernate.engine.transaction.jta.platform.internal.JtaPlatformInitiator.initiateService::52 - HHH000490: Using JtaPlatform implementation: [org.hibernate.engine.transaction.jta.platform.internal.NoJtaPlatform]
29-08-2024 15:52:43.770 [34mINFO [0;39m org.springframework.orm.jpa.LocalContainerEntityManagerFactoryBean.buildNativeEntityManagerFactory::437 - Initialized JPA EntityManagerFactory for persistence unit 'casTxnPU'
29-08-2024 15:52:44.047 [31mWARN [0;39m org.springframework.boot.autoconfigure.orm.jpa.JpaBaseConfiguration$JpaWebConfiguration.openEntityManagerInViewInterceptor::219 - spring.jpa.open-in-view is enabled by default. Therefore, database queries may be performed during view rendering. Explicitly configure spring.jpa.open-in-view to disable this warning
29-08-2024 15:52:45.172 [34mINFO [0;39m org.springframework.boot.web.embedded.tomcat.TomcatWebServer.start::220 - Tomcat started on port(s): 8085 (https) with context path '/autopay/api'
29-08-2024 15:52:45.182 [34mINFO [0;39m com.saswat.autopay.serviceImpl.ApplicationStartupListener.onApplicationEvent::18 - Application has started at 2024-08-29T15:52:45.182443300
29-08-2024 15:52:45.188 [34mINFO [0;39m com.saswat.autopay.SaswatAutopayApplication.logStarted::61 - Started SaswatAutopayApplication in 4.25 seconds (JVM running for 4.555)
29-08-2024 15:52:46.330 [34mINFO [0;39m org.apache.catalina.core.ContainerBase.[Tomcat].[localhost].[/autopay/api].log::173 - Initializing Spring DispatcherServlet 'dispatcherServlet'
29-08-2024 15:52:46.426 [34mINFO [0;39m com.saswat.autopay.serviceImpl.EasebuzzAutopayRegisterServiceImpl.registerAutopay::63 - Uniquely generated txnid WJeYyeATUV7xWwJoEaIfpsdor9sk2HwB
29-08-2024 15:52:46.448 [34mINFO [0;39m com.saswat.autopay.serviceImpl.EasebuzzAutopayRegisterServiceImpl.registerAutopay::77 - Generated Hash: b7776ad82259b1a1330578382e5ba541662218ca69fcec5f40943fd1975f5d6ffd93ac61c1d4a54e271e1e34dfaf7d16341dc2daa3e662511b5337d39d7e98aa
29-08-2024 15:52:46.473 [34mINFO [0;39m com.saswat.autopay.serviceImpl.EasebuzzAutopayRegisterServiceImpl.registerAutopay::103 - Request for Autopay Register : InitiateAutopayRequestDto [key=5OEKXZESM, txnid=WJeYyeATUV7xWwJoEaIfpsdor9sk2HwB, amount=1.0, productinfo=loan, firstname=vereesh, phone=09880418761, email=hm@gmail.com, surl=https://localhost:8085/autopay/api/status/v1/success-redirect, furl=https://localhost:8085/autopay/api/status/v1/failure-redirect , hash=b7776ad82259b1a1330578382e5ba541662218ca69fcec5f40943fd1975f5d6ffd93ac61c1d4a54e271e1e34dfaf7d16341dc2daa3e662511b5337d39d7e98aa, udf1=, udf2=, udf3=, udf4=, udf5=1000, udf6=, udf7=, udf8=null, udf9=null, udf10=null, address1=, address2=, city=, state=, country=India, zipcode=, customer_authentication_id=apay_WJeYyeATUV7xWwJoEaIfpsdor9sk2HwB, show_payment_mode=UPIAD, sub_merchant_id=S1428914X1H, request_flow=SEAMLESS, final_collection_date=31/12/2024]
29-08-2024 15:52:46.480 [34mINFO [0;39m com.saswat.autopay.serviceImpl.EasebuzzAutopayRegisterServiceImpl.registerAutopay::116 - Request Url https://testpay.easebuzz.in/payment/initiateLink
29-08-2024 15:52:46.480 [34mINFO [0;39m com.saswat.autopay.serviceImpl.EasebuzzAutopayRegisterServiceImpl.registerAutopay::117 - Request Body key=5OEKXZESM&txnid=WJeYyeATUV7xWwJoEaIfpsdor9sk2HwB&amount=1.0&productinfo=loan&firstname=vereesh&phone=09880418761&email=hm@gmail.com&surl=https://localhost:8085/autopay/api/status/v1/success-redirect&furl=https://localhost:8085/autopay/api/status/v1/failure-redirect &hash=b7776ad82259b1a1330578382e5ba541662218ca69fcec5f40943fd1975f5d6ffd93ac61c1d4a54e271e1e34dfaf7d16341dc2daa3e662511b5337d39d7e98aa&udf1=&udf2=&udf3=&udf4=&udf5=1000&udf6=&udf7=&udf8=null&udf9=null&udf10=null&address1=&address2=&city=&state=&country=India&zipcode=&customer_authentication_id=apay_WJeYyeATUV7xWwJoEaIfpsdor9sk2HwB&showpaymentmode=UPIAD&submerchantid=S1428914X1H&requestflow=SEAMLESS&finalcollectiondate=31/12/2024
29-08-2024 15:52:46.714 [34mINFO [0;39m com.saswat.autopay.serviceImpl.EasebuzzAutopayRegisterServiceImpl.registerAutopay::125 - Response Code 200
29-08-2024 15:52:46.715 [34mINFO [0;39m com.saswat.autopay.serviceImpl.EasebuzzAutopayRegisterServiceImpl.registerAutopay::137 - Response Body {"status": 0, "error_desc": "Auto debit option is not enabled.", "data": "Parameter validation failed"}
29-08-2024 15:58:27.934 [34mINFO [0;39m com.saswat.autopay.SaswatAutopayApplication.logStarting::55 - Starting SaswatAutopayApplication using Java 17.0.10 on DESKTOP-RC1KRCA with PID 952 (C:\saswat-projects\saswat-autopay\bin\main started by VereeshHereemata in C:\saswat-projects\saswat-autopay)
29-08-2024 15:58:27.936 [34mINFO [0;39m com.saswat.autopay.SaswatAutopayApplication.logStartupProfileInfo::634 - No active profile set, falling back to 1 default profile: "default"
29-08-2024 15:58:28.534 [34mINFO [0;39m org.springframework.data.repository.config.RepositoryConfigurationDelegate.registerRepositoriesIn::132 - Bootstrapping Spring Data JPA repositories in DEFAULT mode.
29-08-2024 15:58:28.550 [34mINFO [0;39m org.springframework.data.repository.config.RepositoryConfigurationDelegate.registerRepositoriesIn::201 - Finished Spring Data repository scanning in 7 ms. Found 0 JPA repository interfaces.
29-08-2024 15:58:29.355 [34mINFO [0;39m org.springframework.boot.web.embedded.tomcat.TomcatWebServer.initialize::108 - Tomcat initialized with port(s): 8085 (https)
29-08-2024 15:58:29.363 [34mINFO [0;39m org.apache.catalina.core.StandardService.log::173 - Starting service [Tomcat]
29-08-2024 15:58:29.364 [34mINFO [0;39m org.apache.catalina.core.StandardEngine.log::173 - Starting Servlet engine: [Apache Tomcat/9.0.65]
29-08-2024 15:58:29.453 [34mINFO [0;39m org.apache.catalina.core.ContainerBase.[Tomcat].[localhost].[/autopay/api].log::173 - Initializing Spring embedded WebApplicationContext
29-08-2024 15:58:29.454 [34mINFO [0;39m org.springframework.boot.web.servlet.context.ServletWebServerApplicationContext.prepareWebApplicationContext::292 - Root WebApplicationContext: initialization completed in 1475 ms
29-08-2024 15:58:29.577 [34mINFO [0;39m com.zaxxer.hikari.HikariDataSource.<init>::80 - HikariPool-1 - Starting...
29-08-2024 15:58:29.785 [34mINFO [0;39m com.zaxxer.hikari.HikariDataSource.<init>::82 - HikariPool-1 - Start completed.
29-08-2024 15:58:29.881 [34mINFO [0;39m org.hibernate.jpa.internal.util.LogHelper.logPersistenceUnitInformation::31 - HHH000204: Processing PersistenceUnitInfo [name: casTxnPU]
29-08-2024 15:58:29.943 [34mINFO [0;39m org.hibernate.Version.logVersion::44 - HHH000412: Hibernate ORM core version 5.6.10.Final
29-08-2024 15:58:30.074 [34mINFO [0;39m org.hibernate.annotations.common.Version.<clinit>::56 - HCANN000001: Hibernate Commons Annotations {5.1.2.Final}
29-08-2024 15:58:30.199 [34mINFO [0;39m org.hibernate.dialect.Dialect.<init>::175 - HHH000400: Using dialect: org.hibernate.dialect.PostgreSQLDialect
29-08-2024 15:58:30.412 [34mINFO [0;39m org.hibernate.orm.connections.access.getIsolatedConnection::48 - HHH10001501: Connection obtained from JdbcConnectionAccess [org.hibernate.engine.jdbc.env.internal.JdbcEnvironmentInitiator$ConnectionProviderJdbcConnectionAccess@3005623b] for (non-JTA) DDL execution was not in auto-commit mode; the Connection 'local transaction' will be committed and the Connection will be set into auto-commit mode.
29-08-2024 15:58:30.451 [34mINFO [0;39m org.hibernate.engine.transaction.jta.platform.internal.JtaPlatformInitiator.initiateService::52 - HHH000490: Using JtaPlatform implementation: [org.hibernate.engine.transaction.jta.platform.internal.NoJtaPlatform]
29-08-2024 15:58:30.458 [34mINFO [0;39m org.springframework.orm.jpa.LocalContainerEntityManagerFactoryBean.buildNativeEntityManagerFactory::437 - Initialized JPA EntityManagerFactory for persistence unit 'casTxnPU'
29-08-2024 15:58:30.701 [31mWARN [0;39m org.springframework.boot.autoconfigure.orm.jpa.JpaBaseConfiguration$JpaWebConfiguration.openEntityManagerInViewInterceptor::219 - spring.jpa.open-in-view is enabled by default. Therefore, database queries may be performed during view rendering. Explicitly configure spring.jpa.open-in-view to disable this warning
29-08-2024 15:58:31.652 [34mINFO [0;39m org.springframework.boot.web.embedded.tomcat.TomcatWebServer.start::220 - Tomcat started on port(s): 8085 (https) with context path '/autopay/api'
29-08-2024 15:58:31.662 [34mINFO [0;39m com.saswat.autopay.serviceImpl.ApplicationStartupListener.onApplicationEvent::18 - Application has started at 2024-08-29T15:58:31.662450700
29-08-2024 15:58:31.667 [34mINFO [0;39m com.saswat.autopay.SaswatAutopayApplication.logStarted::61 - Started SaswatAutopayApplication in 4.076 seconds (JVM running for 4.369)
29-08-2024 15:58:36.075 [34mINFO [0;39m org.apache.catalina.core.ContainerBase.[Tomcat].[localhost].[/autopay/api].log::173 - Initializing Spring DispatcherServlet 'dispatcherServlet'
29-08-2024 15:58:36.169 [34mINFO [0;39m com.saswat.autopay.serviceImpl.EasebuzzAutopayRegisterServiceImpl.registerAutopay::63 - Uniquely generated txnid AOZiL4gjfIxtk5tje3sFIQcTA9Lxx2Vk
29-08-2024 15:58:36.189 [34mINFO [0;39m com.saswat.autopay.serviceImpl.EasebuzzAutopayRegisterServiceImpl.registerAutopay::81 - Generated Hash: 9f956b53a76d9f17137251fb922a1afa3f6988b48df2858235c2a0971fd7b13b14887cd713773c00cad6841b5b21889368b40c8fb39769e894289c6f67e7cc98
29-08-2024 15:58:36.217 [34mINFO [0;39m com.saswat.autopay.serviceImpl.EasebuzzAutopayRegisterServiceImpl.registerAutopay::107 - Request for Autopay Register : InitiateAutopayRequestDto [key=5OEKXZESM, txnid=AOZiL4gjfIxtk5tje3sFIQcTA9Lxx2Vk, amount=1.0, productinfo=loan, firstname=vereesh, phone=09880418761, email=hm@gmail.com, surl=https://localhost:8085/autopay/api/status/v1/success-redirect, furl=https://localhost:8085/autopay/api/status/v1/failure-redirect , hash=9f956b53a76d9f17137251fb922a1afa3f6988b48df2858235c2a0971fd7b13b14887cd713773c00cad6841b5b21889368b40c8fb39769e894289c6f67e7cc98, udf1=NA, udf2=NA, udf3=NA, udf4=NA, udf5=1000, udf6=NA, udf7=NA, udf8=null, udf9=null, udf10=null, address1=, address2=, city=, state=, country=India, zipcode=, customer_authentication_id=apay_AOZiL4gjfIxtk5tje3sFIQcTA9Lxx2Vk, show_payment_mode=UPIAD, sub_merchant_id=S1428914X1H, request_flow=SEAMLESS, final_collection_date=31/12/2024]
29-08-2024 15:58:36.224 [34mINFO [0;39m com.saswat.autopay.serviceImpl.EasebuzzAutopayRegisterServiceImpl.registerAutopay::120 - Request Url https://testpay.easebuzz.in/payment/initiateLink
29-08-2024 15:58:36.225 [34mINFO [0;39m com.saswat.autopay.serviceImpl.EasebuzzAutopayRegisterServiceImpl.registerAutopay::121 - Request Body key=5OEKXZESM&txnid=AOZiL4gjfIxtk5tje3sFIQcTA9Lxx2Vk&amount=1.0&productinfo=loan&firstname=vereesh&phone=09880418761&email=hm@gmail.com&surl=https://localhost:8085/autopay/api/status/v1/success-redirect&furl=https://localhost:8085/autopay/api/status/v1/failure-redirect &hash=9f956b53a76d9f17137251fb922a1afa3f6988b48df2858235c2a0971fd7b13b14887cd713773c00cad6841b5b21889368b40c8fb39769e894289c6f67e7cc98&udf1=NA&udf2=NA&udf3=NA&udf4=NA&udf5=1000&udf6=NA&udf7=NA&udf8=null&udf9=null&udf10=null&address1=&address2=&city=&state=&country=India&zipcode=&customer_authentication_id=apay_AOZiL4gjfIxtk5tje3sFIQcTA9Lxx2Vk&showpaymentmode=UPIAD&submerchantid=S1428914X1H&requestflow=SEAMLESS&finalcollectiondate=31/12/2024
29-08-2024 15:58:36.408 [34mINFO [0;39m com.saswat.autopay.serviceImpl.EasebuzzAutopayRegisterServiceImpl.registerAutopay::129 - Response Code 200
29-08-2024 15:58:36.411 [34mINFO [0;39m com.saswat.autopay.serviceImpl.EasebuzzAutopayRegisterServiceImpl.registerAutopay::141 - Response Body {"status": 0, "error_desc": "Auto debit option is not enabled.", "data": "Parameter validation failed"}
29-08-2024 15:59:07.725 [34mINFO [0;39m com.saswat.autopay.SaswatAutopayApplication.logStarting::55 - Starting SaswatAutopayApplication using Java 17.0.10 on DESKTOP-RC1KRCA with PID 20548 (C:\saswat-projects\saswat-autopay\bin\main started by VereeshHereemata in C:\saswat-projects\saswat-autopay)
29-08-2024 15:59:07.728 [34mINFO [0;39m com.saswat.autopay.SaswatAutopayApplication.logStartupProfileInfo::634 - No active profile set, falling back to 1 default profile: "default"
29-08-2024 15:59:08.270 [34mINFO [0;39m org.springframework.data.repository.config.RepositoryConfigurationDelegate.registerRepositoriesIn::132 - Bootstrapping Spring Data JPA repositories in DEFAULT mode.
29-08-2024 15:59:08.292 [34mINFO [0;39m org.springframework.data.repository.config.RepositoryConfigurationDelegate.registerRepositoriesIn::201 - Finished Spring Data repository scanning in 9 ms. Found 0 JPA repository interfaces.
29-08-2024 15:59:09.176 [34mINFO [0;39m org.springframework.boot.web.embedded.tomcat.TomcatWebServer.initialize::108 - Tomcat initialized with port(s): 8085 (https)
29-08-2024 15:59:09.189 [34mINFO [0;39m org.apache.catalina.core.StandardService.log::173 - Starting service [Tomcat]
29-08-2024 15:59:09.190 [34mINFO [0;39m org.apache.catalina.core.StandardEngine.log::173 - Starting Servlet engine: [Apache Tomcat/9.0.65]
29-08-2024 15:59:09.290 [34mINFO [0;39m org.apache.catalina.core.ContainerBase.[Tomcat].[localhost].[/autopay/api].log::173 - Initializing Spring embedded WebApplicationContext
29-08-2024 15:59:09.291 [34mINFO [0;39m org.springframework.boot.web.servlet.context.ServletWebServerApplicationContext.prepareWebApplicationContext::292 - Root WebApplicationContext: initialization completed in 1516 ms
29-08-2024 15:59:09.407 [34mINFO [0;39m com.zaxxer.hikari.HikariDataSource.<init>::80 - HikariPool-1 - Starting...
29-08-2024 15:59:09.592 [34mINFO [0;39m com.zaxxer.hikari.HikariDataSource.<init>::82 - HikariPool-1 - Start completed.
29-08-2024 15:59:09.686 [34mINFO [0;39m org.hibernate.jpa.internal.util.LogHelper.logPersistenceUnitInformation::31 - HHH000204: Processing PersistenceUnitInfo [name: casTxnPU]
29-08-2024 15:59:09.753 [34mINFO [0;39m org.hibernate.Version.logVersion::44 - HHH000412: Hibernate ORM core version 5.6.10.Final
29-08-2024 15:59:09.984 [34mINFO [0;39m org.hibernate.annotations.common.Version.<clinit>::56 - HCANN000001: Hibernate Commons Annotations {5.1.2.Final}
29-08-2024 15:59:10.114 [34mINFO [0;39m org.hibernate.dialect.Dialect.<init>::175 - HHH000400: Using dialect: org.hibernate.dialect.PostgreSQLDialect
29-08-2024 15:59:10.333 [34mINFO [0;39m org.hibernate.orm.connections.access.getIsolatedConnection::48 - HHH10001501: Connection obtained from JdbcConnectionAccess [org.hibernate.engine.jdbc.env.internal.JdbcEnvironmentInitiator$ConnectionProviderJdbcConnectionAccess@7e5e6573] for (non-JTA) DDL execution was not in auto-commit mode; the Connection 'local transaction' will be committed and the Connection will be set into auto-commit mode.
29-08-2024 15:59:10.369 [34mINFO [0;39m org.hibernate.engine.transaction.jta.platform.internal.JtaPlatformInitiator.initiateService::52 - HHH000490: Using JtaPlatform implementation: [org.hibernate.engine.transaction.jta.platform.internal.NoJtaPlatform]
29-08-2024 15:59:10.376 [34mINFO [0;39m org.springframework.orm.jpa.LocalContainerEntityManagerFactoryBean.buildNativeEntityManagerFactory::437 - Initialized JPA EntityManagerFactory for persistence unit 'casTxnPU'
29-08-2024 15:59:10.635 [31mWARN [0;39m org.springframework.boot.autoconfigure.orm.jpa.JpaBaseConfiguration$JpaWebConfiguration.openEntityManagerInViewInterceptor::219 - spring.jpa.open-in-view is enabled by default. Therefore, database queries may be performed during view rendering. Explicitly configure spring.jpa.open-in-view to disable this warning
29-08-2024 15:59:11.787 [34mINFO [0;39m org.springframework.boot.web.embedded.tomcat.TomcatWebServer.start::220 - Tomcat started on port(s): 8085 (https) with context path '/autopay/api'
29-08-2024 15:59:11.795 [34mINFO [0;39m com.saswat.autopay.serviceImpl.ApplicationStartupListener.onApplicationEvent::18 - Application has started at 2024-08-29T15:59:11.795704100
29-08-2024 15:59:11.803 [34mINFO [0;39m com.saswat.autopay.SaswatAutopayApplication.logStarted::61 - Started SaswatAutopayApplication in 4.413 seconds (JVM running for 4.715)
29-08-2024 15:59:12.866 [34mINFO [0;39m org.apache.catalina.core.ContainerBase.[Tomcat].[localhost].[/autopay/api].log::173 - Initializing Spring DispatcherServlet 'dispatcherServlet'
29-08-2024 15:59:12.967 [34mINFO [0;39m com.saswat.autopay.serviceImpl.EasebuzzAutopayRegisterServiceImpl.registerAutopay::63 - Uniquely generated txnid qIrJPXrKcrHc2IcwvX98eUW9WvxZ0PqP
29-08-2024 15:59:12.986 [34mINFO [0;39m com.saswat.autopay.serviceImpl.EasebuzzAutopayRegisterServiceImpl.registerAutopay::81 - Generated Hash: 5829d18cbb9f68863a4c89ec4cae6c330225407664c75c1018b699cb95e041533c4cb8084ec9e8b87e74d318da48fcf85e867ffde43bde0d99fe7fcf10796dd9
29-08-2024 15:59:13.007 [34mINFO [0;39m com.saswat.autopay.serviceImpl.EasebuzzAutopayRegisterServiceImpl.registerAutopay::107 - Request for Autopay Register : InitiateAutopayRequestDto [key=5OEKXZESM, txnid=qIrJPXrKcrHc2IcwvX98eUW9WvxZ0PqP, amount=1.0, productinfo=loan, firstname=vereesh, phone=09880418761, email=hm@gmail.com, surl=https://localhost:8085/autopay/api/status/v1/success-redirect, furl=https://localhost:8085/autopay/api/status/v1/failure-redirect , hash=5829d18cbb9f68863a4c89ec4cae6c330225407664c75c1018b699cb95e041533c4cb8084ec9e8b87e74d318da48fcf85e867ffde43bde0d99fe7fcf10796dd9, udf1=NA, udf2=NA, udf3=NA, udf4=NA, udf5=1000, udf6=NA, udf7=NA, udf8=null, udf9=null, udf10=null, address1=, address2=, city=, state=, country=India, zipcode=, customer_authentication_id=apay_qIrJPXrKcrHc2IcwvX98eUW9WvxZ0PqP, show_payment_mode=UPIAD, sub_merchant_id=S1428914X1H, request_flow=SEAMLESS, final_collection_date=31/12/2024]
29-08-2024 15:59:13.016 [34mINFO [0;39m com.saswat.autopay.serviceImpl.EasebuzzAutopayRegisterServiceImpl.registerAutopay::120 - Request Url https://stoplight.io/mocks/easebuzz/payment-gateway/93731601/payment/initiateLink
29-08-2024 15:59:13.016 [34mINFO [0;39m com.saswat.autopay.serviceImpl.EasebuzzAutopayRegisterServiceImpl.registerAutopay::121 - Request Body key=5OEKXZESM&txnid=qIrJPXrKcrHc2IcwvX98eUW9WvxZ0PqP&amount=1.0&productinfo=loan&firstname=vereesh&phone=09880418761&email=hm@gmail.com&surl=https://localhost:8085/autopay/api/status/v1/success-redirect&furl=https://localhost:8085/autopay/api/status/v1/failure-redirect &hash=5829d18cbb9f68863a4c89ec4cae6c330225407664c75c1018b699cb95e041533c4cb8084ec9e8b87e74d318da48fcf85e867ffde43bde0d99fe7fcf10796dd9&udf1=NA&udf2=NA&udf3=NA&udf4=NA&udf5=1000&udf6=NA&udf7=NA&udf8=null&udf9=null&udf10=null&address1=&address2=&city=&state=&country=India&zipcode=&customer_authentication_id=apay_qIrJPXrKcrHc2IcwvX98eUW9WvxZ0PqP&showpaymentmode=UPIAD&submerchantid=S1428914X1H&requestflow=SEAMLESS&finalcollectiondate=31/12/2024
29-08-2024 15:59:13.820 [34mINFO [0;39m com.saswat.autopay.serviceImpl.EasebuzzAutopayRegisterServiceImpl.registerAutopay::129 - Response Code 200
29-08-2024 15:59:13.821 [34mINFO [0;39m com.saswat.autopay.serviceImpl.EasebuzzAutopayRegisterServiceImpl.registerAutopay::141 - Response Body {"status":1,"data":"0437238cd4a841bed8270295ead414a0f7f6f16d2ea1f6f92588e53577b3184b"}
29-08-2024 15:59:13.835 [34mINFO [0;39m com.saswat.autopay.serviceImpl.EasebuzzAutopayRegisterServiceImpl.registerAutopay::160 - Response Body {"status":1,"paymentUrl":"https://testpay.easebuzz.in/pay/0437238cd4a841bed8270295ead414a0f7f6f16d2ea1f6f92588e53577b3184b","txnid":"qIrJPXrKcrHc2IcwvX98eUW9WvxZ0PqP","customer_authentication_id":"apay_qIrJPXrKcrHc2IcwvX98eUW9WvxZ0PqP","auto_debit_access_key":"0437238cd4a841bed8270295ead414a0f7f6f16d2ea1f6f92588e53577b3184b"}
29-08-2024 15:59:58.069 [34mINFO [0;39m com.saswat.autopay.SaswatAutopayApplication.logStarting::55 - Starting SaswatAutopayApplication using Java 17.0.10 on DESKTOP-RC1KRCA with PID 9816 (C:\saswat-projects\saswat-autopay\bin\main started by VereeshHereemata in C:\saswat-projects\saswat-autopay)
29-08-2024 15:59:58.072 [34mINFO [0;39m com.saswat.autopay.SaswatAutopayApplication.logStartupProfileInfo::634 - No active profile set, falling back to 1 default profile: "default"
29-08-2024 15:59:58.611 [34mINFO [0;39m org.springframework.data.repository.config.RepositoryConfigurationDelegate.registerRepositoriesIn::132 - Bootstrapping Spring Data JPA repositories in DEFAULT mode.
29-08-2024 15:59:58.632 [34mINFO [0;39m org.springframework.data.repository.config.RepositoryConfigurationDelegate.registerRepositoriesIn::201 - Finished Spring Data repository scanning in 9 ms. Found 0 JPA repository interfaces.
29-08-2024 15:59:59.528 [34mINFO [0;39m org.springframework.boot.web.embedded.tomcat.TomcatWebServer.initialize::108 - Tomcat initialized with port(s): 8085 (https)
29-08-2024 15:59:59.542 [34mINFO [0;39m org.apache.catalina.core.StandardService.log::173 - Starting service [Tomcat]
29-08-2024 15:59:59.542 [34mINFO [0;39m org.apache.catalina.core.StandardEngine.log::173 - Starting Servlet engine: [Apache Tomcat/9.0.65]
29-08-2024 15:59:59.644 [34mINFO [0;39m org.apache.catalina.core.ContainerBase.[Tomcat].[localhost].[/autopay/api].log::173 - Initializing Spring embedded WebApplicationContext
29-08-2024 15:59:59.644 [34mINFO [0;39m org.springframework.boot.web.servlet.context.ServletWebServerApplicationContext.prepareWebApplicationContext::292 - Root WebApplicationContext: initialization completed in 1526 ms
29-08-2024 15:59:59.771 [34mINFO [0;39m com.zaxxer.hikari.HikariDataSource.<init>::80 - HikariPool-1 - Starting...
29-08-2024 15:59:59.964 [34mINFO [0;39m com.zaxxer.hikari.HikariDataSource.<init>::82 - HikariPool-1 - Start completed.
29-08-2024 16:00:00.080 [34mINFO [0;39m org.hibernate.jpa.internal.util.LogHelper.logPersistenceUnitInformation::31 - HHH000204: Processing PersistenceUnitInfo [name: casTxnPU]
29-08-2024 16:00:00.151 [34mINFO [0;39m org.hibernate.Version.logVersion::44 - HHH000412: Hibernate ORM core version 5.6.10.Final
29-08-2024 16:00:00.338 [34mINFO [0;39m org.hibernate.annotations.common.Version.<clinit>::56 - HCANN000001: Hibernate Commons Annotations {5.1.2.Final}
29-08-2024 16:00:00.461 [34mINFO [0;39m org.hibernate.dialect.Dialect.<init>::175 - HHH000400: Using dialect: org.hibernate.dialect.PostgreSQLDialect
29-08-2024 16:00:00.685 [34mINFO [0;39m org.hibernate.orm.connections.access.getIsolatedConnection::48 - HHH10001501: Connection obtained from JdbcConnectionAccess [org.hibernate.engine.jdbc.env.internal.JdbcEnvironmentInitiator$ConnectionProviderJdbcConnectionAccess@23396fc0] for (non-JTA) DDL execution was not in auto-commit mode; the Connection 'local transaction' will be committed and the Connection will be set into auto-commit mode.
29-08-2024 16:00:00.730 [34mINFO [0;39m org.hibernate.engine.transaction.jta.platform.internal.JtaPlatformInitiator.initiateService::52 - HHH000490: Using JtaPlatform implementation: [org.hibernate.engine.transaction.jta.platform.internal.NoJtaPlatform]
29-08-2024 16:00:00.736 [34mINFO [0;39m org.springframework.orm.jpa.LocalContainerEntityManagerFactoryBean.buildNativeEntityManagerFactory::437 - Initialized JPA EntityManagerFactory for persistence unit 'casTxnPU'
29-08-2024 16:00:00.976 [31mWARN [0;39m org.springframework.boot.autoconfigure.orm.jpa.JpaBaseConfiguration$JpaWebConfiguration.openEntityManagerInViewInterceptor::219 - spring.jpa.open-in-view is enabled by default. Therefore, database queries may be performed during view rendering. Explicitly configure spring.jpa.open-in-view to disable this warning
29-08-2024 16:00:01.926 [34mINFO [0;39m org.springframework.boot.web.embedded.tomcat.TomcatWebServer.start::220 - Tomcat started on port(s): 8085 (https) with context path '/autopay/api'
29-08-2024 16:00:01.935 [34mINFO [0;39m com.saswat.autopay.serviceImpl.ApplicationStartupListener.onApplicationEvent::18 - Application has started at 2024-08-29T16:00:01.935238
29-08-2024 16:00:01.940 [34mINFO [0;39m com.saswat.autopay.SaswatAutopayApplication.logStarted::61 - Started SaswatAutopayApplication in 4.206 seconds (JVM running for 4.503)
29-08-2024 16:00:05.928 [34mINFO [0;39m org.apache.catalina.core.ContainerBase.[Tomcat].[localhost].[/autopay/api].log::173 - Initializing Spring DispatcherServlet 'dispatcherServlet'
29-08-2024 16:00:06.009 [34mINFO [0;39m com.saswat.autopay.serviceImpl.EasebuzzAutopayRegisterServiceImpl.registerAutopay::63 - Uniquely generated txnid pZDH4ib2XLqg14bHy0p2va5rR2goQiaZ
29-08-2024 16:00:06.025 [34mINFO [0;39m com.saswat.autopay.serviceImpl.EasebuzzAutopayRegisterServiceImpl.registerAutopay::81 - Generated Hash: 3867e3dc95b284304b7c2917ec8fff4de5749940a18a83dc870144bf7820d49fd28292ebcd1ebbaa3e633d6f40cd07de8b95210596b1976dd547b985c201ee12
29-08-2024 16:00:06.056 [34mINFO [0;39m com.saswat.autopay.serviceImpl.EasebuzzAutopayRegisterServiceImpl.registerAutopay::107 - Request for Autopay Register : InitiateAutopayRequestDto [key=5OEKXZESM, txnid=pZDH4ib2XLqg14bHy0p2va5rR2goQiaZ, amount=1.0, productinfo=loan, firstname=vereesh, phone=09880418761, email=hm@gmail.com, surl=https://localhost:8085/autopay/api/status/v1/success-redirect, furl=https://localhost:8085/autopay/api/status/v1/failure-redirect , hash=3867e3dc95b284304b7c2917ec8fff4de5749940a18a83dc870144bf7820d49fd28292ebcd1ebbaa3e633d6f40cd07de8b95210596b1976dd547b985c201ee12, udf1=NA, udf2=NA, udf3=NA, udf4=NA, udf5=1000, udf6=NA, udf7=NA, udf8=null, udf9=null, udf10=null, address1=, address2=, city=, state=, country=India, zipcode=, customer_authentication_id=apay_pZDH4ib2XLqg14bHy0p2va5rR2goQiaZ, show_payment_mode=UPIAD, sub_merchant_id=S1428914X1H, request_flow=SEAMLESS, final_collection_date=31/12/2024]
29-08-2024 16:00:06.066 [34mINFO [0;39m com.saswat.autopay.serviceImpl.EasebuzzAutopayRegisterServiceImpl.registerAutopay::120 - Request Url https://testpay.easebuzz.in/payment/initiateLink
29-08-2024 16:00:06.066 [34mINFO [0;39m com.saswat.autopay.serviceImpl.EasebuzzAutopayRegisterServiceImpl.registerAutopay::121 - Request Body key=5OEKXZESM&txnid=pZDH4ib2XLqg14bHy0p2va5rR2goQiaZ&amount=1.0&productinfo=loan&firstname=vereesh&phone=09880418761&email=hm@gmail.com&surl=https://localhost:8085/autopay/api/status/v1/success-redirect&furl=https://localhost:8085/autopay/api/status/v1/failure-redirect &hash=3867e3dc95b284304b7c2917ec8fff4de5749940a18a83dc870144bf7820d49fd28292ebcd1ebbaa3e633d6f40cd07de8b95210596b1976dd547b985c201ee12&udf1=NA&udf2=NA&udf3=NA&udf4=NA&udf5=1000&udf6=NA&udf7=NA&udf8=null&udf9=null&udf10=null&address1=&address2=&city=&state=&country=India&zipcode=&customer_authentication_id=apay_pZDH4ib2XLqg14bHy0p2va5rR2goQiaZ&showpaymentmode=UPIAD&submerchantid=S1428914X1H&requestflow=SEAMLESS&finalcollectiondate=31/12/2024
29-08-2024 16:00:06.237 [34mINFO [0;39m com.saswat.autopay.serviceImpl.EasebuzzAutopayRegisterServiceImpl.registerAutopay::129 - Response Code 200
29-08-2024 16:00:06.239 [34mINFO [0;39m com.saswat.autopay.serviceImpl.EasebuzzAutopayRegisterServiceImpl.registerAutopay::141 - Response Body {"status": 0, "error_desc": "Auto debit option is not enabled.", "data": "Parameter validation failed"}
29-08-2024 16:03:22.052 [34mINFO [0;39m com.saswat.autopay.SaswatAutopayApplication.logStarting::55 - Starting SaswatAutopayApplication using Java 17.0.10 on DESKTOP-RC1KRCA with PID 21924 (C:\saswat-projects\saswat-autopay\bin\main started by VereeshHereemata in C:\saswat-projects\saswat-autopay)
29-08-2024 16:03:22.054 [34mINFO [0;39m com.saswat.autopay.SaswatAutopayApplication.logStartupProfileInfo::634 - No active profile set, falling back to 1 default profile: "default"
29-08-2024 16:03:22.555 [34mINFO [0;39m org.springframework.data.repository.config.RepositoryConfigurationDelegate.registerRepositoriesIn::132 - Bootstrapping Spring Data JPA repositories in DEFAULT mode.
29-08-2024 16:03:22.575 [34mINFO [0;39m org.springframework.data.repository.config.RepositoryConfigurationDelegate.registerRepositoriesIn::201 - Finished Spring Data repository scanning in 7 ms. Found 0 JPA repository interfaces.
29-08-2024 16:03:23.509 [34mINFO [0;39m org.springframework.boot.web.embedded.tomcat.TomcatWebServer.initialize::108 - Tomcat initialized with port(s): 8085 (https)
29-08-2024 16:03:23.522 [34mINFO [0;39m org.apache.catalina.core.StandardService.log::173 - Starting service [Tomcat]
29-08-2024 16:03:23.523 [34mINFO [0;39m org.apache.catalina.core.StandardEngine.log::173 - Starting Servlet engine: [Apache Tomcat/9.0.65]
29-08-2024 16:03:23.620 [34mINFO [0;39m org.apache.catalina.core.ContainerBase.[Tomcat].[localhost].[/autopay/api].log::173 - Initializing Spring embedded WebApplicationContext
29-08-2024 16:03:23.621 [34mINFO [0;39m org.springframework.boot.web.servlet.context.ServletWebServerApplicationContext.prepareWebApplicationContext::292 - Root WebApplicationContext: initialization completed in 1524 ms
29-08-2024 16:03:23.746 [34mINFO [0;39m com.zaxxer.hikari.HikariDataSource.<init>::80 - HikariPool-1 - Starting...
29-08-2024 16:03:23.901 [34mINFO [0;39m com.zaxxer.hikari.HikariDataSource.<init>::82 - HikariPool-1 - Start completed.
29-08-2024 16:03:24.002 [34mINFO [0;39m org.hibernate.jpa.internal.util.LogHelper.logPersistenceUnitInformation::31 - HHH000204: Processing PersistenceUnitInfo [name: casTxnPU]
29-08-2024 16:03:24.078 [34mINFO [0;39m org.hibernate.Version.logVersion::44 - HHH000412: Hibernate ORM core version 5.6.10.Final
29-08-2024 16:03:24.250 [34mINFO [0;39m org.hibernate.annotations.common.Version.<clinit>::56 - HCANN000001: Hibernate Commons Annotations {5.1.2.Final}
29-08-2024 16:03:24.387 [34mINFO [0;39m org.hibernate.dialect.Dialect.<init>::175 - HHH000400: Using dialect: org.hibernate.dialect.PostgreSQLDialect
29-08-2024 16:03:24.619 [34mINFO [0;39m org.hibernate.orm.connections.access.getIsolatedConnection::48 - HHH10001501: Connection obtained from JdbcConnectionAccess [org.hibernate.engine.jdbc.env.internal.JdbcEnvironmentInitiator$ConnectionProviderJdbcConnectionAccess@c11332b] for (non-JTA) DDL execution was not in auto-commit mode; the Connection 'local transaction' will be committed and the Connection will be set into auto-commit mode.
29-08-2024 16:03:24.660 [34mINFO [0;39m org.hibernate.engine.transaction.jta.platform.internal.JtaPlatformInitiator.initiateService::52 - HHH000490: Using JtaPlatform implementation: [org.hibernate.engine.transaction.jta.platform.internal.NoJtaPlatform]
29-08-2024 16:03:24.669 [34mINFO [0;39m org.springframework.orm.jpa.LocalContainerEntityManagerFactoryBean.buildNativeEntityManagerFactory::437 - Initialized JPA EntityManagerFactory for persistence unit 'casTxnPU'
29-08-2024 16:03:24.936 [31mWARN [0;39m org.springframework.boot.autoconfigure.orm.jpa.JpaBaseConfiguration$JpaWebConfiguration.openEntityManagerInViewInterceptor::219 - spring.jpa.open-in-view is enabled by default. Therefore, database queries may be performed during view rendering. Explicitly configure spring.jpa.open-in-view to disable this warning
29-08-2024 16:03:26.062 [34mINFO [0;39m org.springframework.boot.web.embedded.tomcat.TomcatWebServer.start::220 - Tomcat started on port(s): 8085 (https) with context path '/autopay/api'
29-08-2024 16:03:26.071 [34mINFO [0;39m com.saswat.autopay.serviceImpl.ApplicationStartupListener.onApplicationEvent::18 - Application has started at 2024-08-29T16:03:26.071153800
29-08-2024 16:03:26.076 [34mINFO [0;39m com.saswat.autopay.SaswatAutopayApplication.logStarted::61 - Started SaswatAutopayApplication in 4.388 seconds (JVM running for 4.689)
29-08-2024 16:03:38.100 [34mINFO [0;39m org.apache.catalina.core.ContainerBase.[Tomcat].[localhost].[/autopay/api].log::173 - Initializing Spring DispatcherServlet 'dispatcherServlet'
29-08-2024 16:03:38.197 [34mINFO [0;39m com.saswat.autopay.serviceImpl.EasebuzzAutopayRegisterServiceImpl.registerAutopay::63 - Uniquely generated txnid VWuGy96EES0K4SAmGMxqdIoYDHxdDC07
29-08-2024 16:03:38.218 [34mINFO [0;39m com.saswat.autopay.serviceImpl.EasebuzzAutopayRegisterServiceImpl.registerAutopay::77 - Generated Hash: 02ade3c8afb55206a680f598d3de50260c3c233cfef8e2291e71abe2dcf04f799afcc396e508a93730dfa34791268db151bf0b9eedb14ae3ed6f0ab22ca0ea34
29-08-2024 16:03:38.245 [34mINFO [0;39m com.saswat.autopay.serviceImpl.EasebuzzAutopayRegisterServiceImpl.registerAutopay::103 - Request for Autopay Register : InitiateAutopayRequestDto [key=5OEKXZESM, txnid=VWuGy96EES0K4SAmGMxqdIoYDHxdDC07, amount=1.0, productinfo=loan, firstname=vereesh, phone=09880418761, email=hm@gmail.com, surl=https://localhost:8085/autopay/api/status/v1/success-redirect, furl=https://localhost:8085/autopay/api/status/v1/failure-redirect , hash=02ade3c8afb55206a680f598d3de50260c3c233cfef8e2291e71abe2dcf04f799afcc396e508a93730dfa34791268db151bf0b9eedb14ae3ed6f0ab22ca0ea34, udf1=NA, udf2=NA, udf3=NA, udf4=NA, udf5=1000, udf6=NA, udf7=NA, udf8=null, udf9=null, udf10=null, address1=, address2=, city=, state=, country=India, zipcode=, customer_authentication_id=apay_VWuGy96EES0K4SAmGMxqdIoYDHxdDC07, show_payment_mode=UPIAD, sub_merchant_id=S1428914X1H, request_flow=SEAMLESS, final_collection_date=31/12/2024]
29-08-2024 16:03:38.255 [34mINFO [0;39m com.saswat.autopay.serviceImpl.EasebuzzAutopayRegisterServiceImpl.registerAutopay::116 - Request Url https://testpay.easebuzz.in/payment/initiateLink
29-08-2024 16:03:38.255 [34mINFO [0;39m com.saswat.autopay.serviceImpl.EasebuzzAutopayRegisterServiceImpl.registerAutopay::117 - Request Body key=5OEKXZESM&txnid=VWuGy96EES0K4SAmGMxqdIoYDHxdDC07&amount=1.0&productinfo=loan&firstname=vereesh&phone=09880418761&email=hm@gmail.com&surl=https://localhost:8085/autopay/api/status/v1/success-redirect&furl=https://localhost:8085/autopay/api/status/v1/failure-redirect &hash=02ade3c8afb55206a680f598d3de50260c3c233cfef8e2291e71abe2dcf04f799afcc396e508a93730dfa34791268db151bf0b9eedb14ae3ed6f0ab22ca0ea34&udf1=NA&udf2=NA&udf3=NA&udf4=NA&udf5=1000&udf6=NA&udf7=NA&udf8=null&udf9=null&udf10=null&address1=&address2=&city=&state=&country=India&zipcode=&customer_authentication_id=apay_VWuGy96EES0K4SAmGMxqdIoYDHxdDC07&showpaymentmode=UPIAD&submerchantid=S1428914X1H&requestflow=SEAMLESS&finalcollectiondate=31/12/2024
29-08-2024 16:03:38.430 [34mINFO [0;39m com.saswat.autopay.serviceImpl.EasebuzzAutopayRegisterServiceImpl.registerAutopay::125 - Response Code 200
29-08-2024 16:03:38.432 [34mINFO [0;39m com.saswat.autopay.serviceImpl.EasebuzzAutopayRegisterServiceImpl.registerAutopay::137 - Response Body {"status": 0, "error_desc": "Auto debit option is not enabled.", "data": "Parameter validation failed"}
29-08-2024 16:04:09.059 [34mINFO [0;39m com.saswat.autopay.serviceImpl.EasebuzzAutopayRegisterServiceImpl.registerAutopay::63 - Uniquely generated txnid 24c6deN9TeVxP1NAv0cyWH80oorJIjCW
29-08-2024 16:04:09.061 [34mINFO [0;39m com.saswat.autopay.serviceImpl.EasebuzzAutopayRegisterServiceImpl.registerAutopay::77 - Generated Hash: e14256cf8f15b032f12aae6d50f21a292705e65e668b4fd54f7cbafb2e3de9fda8d0f0a5ab4627c87c0f2ef01ade9aaa4b8d17201a99baeed1fa388da2c52bf9
29-08-2024 16:04:09.061 [34mINFO [0;39m com.saswat.autopay.serviceImpl.EasebuzzAutopayRegisterServiceImpl.registerAutopay::103 - Request for Autopay Register : InitiateAutopayRequestDto [key=5OEKXZESM, txnid=24c6deN9TeVxP1NAv0cyWH80oorJIjCW, amount=1.0, productinfo=loan, firstname=vereesh, phone=09880418761, email=hm@gmail.com, surl=https://localhost:8085/autopay/api/status/v1/success-redirect, furl=https://localhost:8085/autopay/api/status/v1/failure-redirect , hash=e14256cf8f15b032f12aae6d50f21a292705e65e668b4fd54f7cbafb2e3de9fda8d0f0a5ab4627c87c0f2ef01ade9aaa4b8d17201a99baeed1fa388da2c52bf9, udf1=NA, udf2=NA, udf3=NA, udf4=NA, udf5=1000, udf6=NA, udf7=NA, udf8=null, udf9=null, udf10=null, address1=, address2=, city=, state=, country=India, zipcode=, customer_authentication_id=apay_24c6deN9TeVxP1NAv0cyWH80oorJIjCW, show_payment_mode=UPIAD, sub_merchant_id=S1428914X1H, request_flow=SEAMLESS, final_collection_date=31/12/2024]
29-08-2024 16:04:09.062 [34mINFO [0;39m com.saswat.autopay.serviceImpl.EasebuzzAutopayRegisterServiceImpl.registerAutopay::116 - Request Url https://testpay.easebuzz.in/payment/initiateLink
29-08-2024 16:04:09.062 [34mINFO [0;39m com.saswat.autopay.serviceImpl.EasebuzzAutopayRegisterServiceImpl.registerAutopay::117 - Request Body key=5OEKXZESM&txnid=24c6deN9TeVxP1NAv0cyWH80oorJIjCW&amount=1.0&productinfo=loan&firstname=vereesh&phone=09880418761&email=hm@gmail.com&surl=https://localhost:8085/autopay/api/status/v1/success-redirect&furl=https://localhost:8085/autopay/api/status/v1/failure-redirect &hash=e14256cf8f15b032f12aae6d50f21a292705e65e668b4fd54f7cbafb2e3de9fda8d0f0a5ab4627c87c0f2ef01ade9aaa4b8d17201a99baeed1fa388da2c52bf9&udf1=NA&udf2=NA&udf3=NA&udf4=NA&udf5=1000&udf6=NA&udf7=NA&udf8=null&udf9=null&udf10=null&address1=&address2=&city=&state=&country=India&zipcode=&customer_authentication_id=apay_24c6deN9TeVxP1NAv0cyWH80oorJIjCW&showpaymentmode=UPIAD&submerchantid=S1428914X1H&requestflow=SEAMLESS&finalcollectiondate=31/12/2024
29-08-2024 16:04:09.231 [34mINFO [0;39m com.saswat.autopay.serviceImpl.EasebuzzAutopayRegisterServiceImpl.registerAutopay::125 - Response Code 200
29-08-2024 16:04:09.232 [34mINFO [0;39m com.saswat.autopay.serviceImpl.EasebuzzAutopayRegisterServiceImpl.registerAutopay::137 - Response Body {"status": 0, "error_desc": "Auto debit option is not enabled.", "data": "Parameter validation failed"}
29-08-2024 16:14:37.185 [34mINFO [0;39m com.saswat.autopay.SaswatAutopayApplication.logStarting::55 - Starting SaswatAutopayApplication using Java 17.0.10 on DESKTOP-RC1KRCA with PID 21140 (C:\saswat-projects\saswat-autopay\bin\main started by VereeshHereemata in C:\saswat-projects\saswat-autopay)
29-08-2024 16:14:37.188 [34mINFO [0;39m com.saswat.autopay.SaswatAutopayApplication.logStartupProfileInfo::634 - No active profile set, falling back to 1 default profile: "default"
29-08-2024 16:14:37.723 [34mINFO [0;39m org.springframework.data.repository.config.RepositoryConfigurationDelegate.registerRepositoriesIn::132 - Bootstrapping Spring Data JPA repositories in DEFAULT mode.
29-08-2024 16:14:37.740 [34mINFO [0;39m org.springframework.data.repository.config.RepositoryConfigurationDelegate.registerRepositoriesIn::201 - Finished Spring Data repository scanning in 6 ms. Found 0 JPA repository interfaces.
29-08-2024 16:14:38.616 [34mINFO [0;39m org.springframework.boot.web.embedded.tomcat.TomcatWebServer.initialize::108 - Tomcat initialized with port(s): 8085 (https)
29-08-2024 16:14:38.627 [34mINFO [0;39m org.apache.catalina.core.StandardService.log::173 - Starting service [Tomcat]
29-08-2024 16:14:38.628 [34mINFO [0;39m org.apache.catalina.core.StandardEngine.log::173 - Starting Servlet engine: [Apache Tomcat/9.0.65]
29-08-2024 16:14:38.732 [34mINFO [0;39m org.apache.catalina.core.ContainerBase.[Tomcat].[localhost].[/autopay/api].log::173 - Initializing Spring embedded WebApplicationContext
29-08-2024 16:14:38.733 [34mINFO [0;39m org.springframework.boot.web.servlet.context.ServletWebServerApplicationContext.prepareWebApplicationContext::292 - Root WebApplicationContext: initialization completed in 1504 ms
29-08-2024 16:14:38.853 [34mINFO [0;39m com.zaxxer.hikari.HikariDataSource.<init>::80 - HikariPool-1 - Starting...
29-08-2024 16:14:39.055 [34mINFO [0;39m com.zaxxer.hikari.HikariDataSource.<init>::82 - HikariPool-1 - Start completed.
29-08-2024 16:14:39.142 [34mINFO [0;39m org.hibernate.jpa.internal.util.LogHelper.logPersistenceUnitInformation::31 - HHH000204: Processing PersistenceUnitInfo [name: casTxnPU]
29-08-2024 16:14:39.189 [34mINFO [0;39m org.hibernate.Version.logVersion::44 - HHH000412: Hibernate ORM core version 5.6.10.Final
29-08-2024 16:14:39.361 [34mINFO [0;39m org.hibernate.annotations.common.Version.<clinit>::56 - HCANN000001: Hibernate Commons Annotations {5.1.2.Final}
29-08-2024 16:14:39.471 [34mINFO [0;39m org.hibernate.dialect.Dialect.<init>::175 - HHH000400: Using dialect: org.hibernate.dialect.PostgreSQLDialect
29-08-2024 16:14:39.640 [34mINFO [0;39m org.hibernate.orm.connections.access.getIsolatedConnection::48 - HHH10001501: Connection obtained from JdbcConnectionAccess [org.hibernate.engine.jdbc.env.internal.JdbcEnvironmentInitiator$ConnectionProviderJdbcConnectionAccess@77ecdc2b] for (non-JTA) DDL execution was not in auto-commit mode; the Connection 'local transaction' will be committed and the Connection will be set into auto-commit mode.
29-08-2024 16:14:39.668 [34mINFO [0;39m org.hibernate.engine.transaction.jta.platform.internal.JtaPlatformInitiator.initiateService::52 - HHH000490: Using JtaPlatform implementation: [org.hibernate.engine.transaction.jta.platform.internal.NoJtaPlatform]
29-08-2024 16:14:39.674 [34mINFO [0;39m org.springframework.orm.jpa.LocalContainerEntityManagerFactoryBean.buildNativeEntityManagerFactory::437 - Initialized JPA EntityManagerFactory for persistence unit 'casTxnPU'
29-08-2024 16:14:39.894 [31mWARN [0;39m org.springframework.boot.autoconfigure.orm.jpa.JpaBaseConfiguration$JpaWebConfiguration.openEntityManagerInViewInterceptor::219 - spring.jpa.open-in-view is enabled by default. Therefore, database queries may be performed during view rendering. Explicitly configure spring.jpa.open-in-view to disable this warning
29-08-2024 16:14:40.959 [34mINFO [0;39m org.springframework.boot.web.embedded.tomcat.TomcatWebServer.start::220 - Tomcat started on port(s): 8085 (https) with context path '/autopay/api'
29-08-2024 16:14:40.974 [34mINFO [0;39m com.saswat.autopay.serviceImpl.ApplicationStartupListener.onApplicationEvent::18 - Application has started at 2024-08-29T16:14:40.974165800
29-08-2024 16:14:40.979 [34mINFO [0;39m com.saswat.autopay.SaswatAutopayApplication.logStarted::61 - Started SaswatAutopayApplication in 4.138 seconds (JVM running for 4.476)
29-08-2024 16:14:44.037 [34mINFO [0;39m org.apache.catalina.core.ContainerBase.[Tomcat].[localhost].[/autopay/api].log::173 - Initializing Spring DispatcherServlet 'dispatcherServlet'
29-08-2024 16:14:44.133 [34mINFO [0;39m com.saswat.autopay.serviceImpl.EasebuzzAutopayRegisterServiceImpl.registerAutopay::63 - Uniquely generated txnid Roq4WknWAbSYlX1tfJOa2atKFo9p29yn
29-08-2024 16:14:44.156 [34mINFO [0;39m com.saswat.autopay.serviceImpl.EasebuzzAutopayRegisterServiceImpl.registerAutopay::77 - Generated Hash: 4b0b37bdd2f4a03c771534513fc8d42f7cf916a3ef89baebee21a5a80a296b930da8db32d1bd5690f629a54242d07c76be2c783e67a9eefc3604115018114d56
29-08-2024 16:14:44.177 [34mINFO [0;39m com.saswat.autopay.serviceImpl.EasebuzzAutopayRegisterServiceImpl.registerAutopay::103 - Request for Autopay Register : InitiateAutopayRequestDto [key=5OEKXZESM, txnid=Roq4WknWAbSYlX1tfJOa2atKFo9p29yn, amount=1.0, productinfo=loan, firstname=vereesh, phone=09880418761, email=hm@gmail.com, surl=https://localhost:8085/autopay/api/status/v1/success-redirect, furl=https://localhost:8085/autopay/api/status/v1/failure-redirect , hash=4b0b37bdd2f4a03c771534513fc8d42f7cf916a3ef89baebee21a5a80a296b930da8db32d1bd5690f629a54242d07c76be2c783e67a9eefc3604115018114d56, udf1=NA, udf2=NA, udf3=NA, udf4=NA, udf5=1000, udf6=NA, udf7=NA, udf8=null, udf9=null, udf10=null, address1=, address2=, city=, state=, country=India, zipcode=, customer_authentication_id=apay_Roq4WknWAbSYlX1tfJOa2atKFo9p29yn, show_payment_mode=UPIAD, sub_merchant_id=S1428914X1H, request_flow=SEAMLESS, final_collection_date=31/12/2024]
29-08-2024 16:14:44.181 [34mINFO [0;39m com.saswat.autopay.serviceImpl.EasebuzzAutopayRegisterServiceImpl.registerAutopay::116 - Request Url https://testpay.easebuzz.in/payment/initiateLink
29-08-2024 16:14:44.181 [34mINFO [0;39m com.saswat.autopay.serviceImpl.EasebuzzAutopayRegisterServiceImpl.registerAutopay::117 - Request Body key=5OEKXZESM&txnid=Roq4WknWAbSYlX1tfJOa2atKFo9p29yn&amount=1.0&productinfo=loan&firstname=vereesh&phone=09880418761&email=hm@gmail.com&surl=https://localhost:8085/autopay/api/status/v1/success-redirect&furl=https://localhost:8085/autopay/api/status/v1/failure-redirect &hash=4b0b37bdd2f4a03c771534513fc8d42f7cf916a3ef89baebee21a5a80a296b930da8db32d1bd5690f629a54242d07c76be2c783e67a9eefc3604115018114d56&udf1=NA&udf2=NA&udf3=NA&udf4=NA&udf5=1000&udf6=NA&udf7=NA&udf8=null&udf9=null&udf10=null&address1=&address2=&city=&state=&country=India&zipcode=&customer_authentication_id=apay_Roq4WknWAbSYlX1tfJOa2atKFo9p29yn&showpaymentmode=UPIAD&submerchantid=S1428914X1H&requestflow=SEAMLESS&finalcollectiondate=31/12/2024
29-08-2024 16:14:44.321 [34mINFO [0;39m com.saswat.autopay.serviceImpl.EasebuzzAutopayRegisterServiceImpl.registerAutopay::125 - Response Code 200
29-08-2024 16:14:44.322 [34mINFO [0;39m com.saswat.autopay.serviceImpl.EasebuzzAutopayRegisterServiceImpl.registerAutopay::137 - Response Body {"status": 0, "error_desc": "Auto debit option is not enabled.", "data": "Parameter validation failed"}
